#
# A fatal error has been detected by the Java Runtime Environment:
#
#  EXCEPTION_ACCESS_VIOLATION (0xc0000005) at pc=0x0000000000239bf0, pid=5980, tid=4780
#
# JRE version: Java(TM) SE Runtime Environment (8.0_05-b13) (build 1.8.0_05-b13)
# Java VM: Java HotSpot(TM) 64-Bit Server VM (25.5-b02 mixed mode windows-amd64 compressed oops)
# Problematic frame:
# C  0x0000000000239bf0
#
# Failed to write core dump. Minidumps are not enabled by default on client versions of Windows
#
# If you would like to submit a bug report, please visit:
#   http://bugreport.sun.com/bugreport/crash.jsp
# The crash happened outside the Java Virtual Machine in native code.
# See problematic frame for where to report the bug.
#

---------------  T H R E A D  ---------------

Current thread (0x00000000181e2800):  JavaThread "Daemon worker" [_thread_in_native, id=4780, stack(0x000000001a9a0000,0x000000001aaa0000)]

siginfo: ExceptionCode=0xc0000005, ExceptionInformation=0x0000000000000008 0x0000000000239bf0

Registers:
RAX=0x0000000000000000, RBX=0x0000000000239bf0, RCX=0x0000000000239bf0, RDX=0x000000001aa97d38
RSP=0x000000001aa97dd0, RBP=0x0000000000000000, RSI=0x000000018002db42, RDI=0x00000000184adac0
R8 =0x000000018006eb38, R9 =0x00000000ec92e830, R10=0x00000000ec92e768, R11=0x000000005f2837b0
R12=0x00000000184adb08, R13=0x000000001898c770, R14=0x000000001aa97f48, R15=0x0000000000000003
RIP=0x0000000000239bf0, EFLAGS=0x0000000000010206

Top of Stack: (sp=0x000000001aa97dd0)
0x000000001aa97dd0:   0000000000000000 000000005e808d94
0x000000001aa97de0:   0000000018b36ca0 00000000181e29e0
0x000000001aa97df0:   0000000018b35ee0 0000000018b36ca0
0x000000001aa97e00:   00000000181e29e0 000000005f923aea
0x000000001aa97e10:   0000000000239bf0 00000000181e29e0
0x000000001aa97e20:   0000000018b36ca0 0000000018b35ee0
0x000000001aa97e30:   0000583d00000001 0000000000239bf0
0x000000001aa97e40:   0000000018b35ee0 0000000000000002
0x000000001aa97e50:   0000000000000000 0000000000000000
0x000000001aa97e60:   0000000000000000 0000000000000000
0x000000001aa97e70:   0000000000000000 0000000000000000
0x000000001aa97e80:   00000000181e2800 000000001aa97f50
0x000000001aa97e90:   00000000148c8628 0000000000000000
0x000000001aa97ea0:   0000000000000000 00000000021951ae
0x000000001aa97eb0:   00000000148c8630 000000001aa97f28
0x000000001aa97ec0:   0000000000000000 00000000ec92e600 

Instructions: (pc=0x0000000000239bf0)
0x0000000000239bd0:   80 16 20 00 00 00 00 00 01 00 01 00 c0 a8 01 00
0x0000000000239be0:   00 00 00 00 00 00 00 00 be 8c 35 3d 1f 2d 00 90
0x0000000000239bf0:   00 00 00 00 17 00 00 00 00 00 00 00 00 00 00 00
0x0000000000239c00:   1c 00 00 00 00 00 00 00 30 ab 25 00 00 00 00 00 


Register to memory mapping:

RAX=0x0000000000000000 is an unknown value
RBX=0x0000000000239bf0 is an unknown value
RCX=0x0000000000239bf0 is an unknown value
RDX=0x000000001aa97d38 is pointing into the stack for thread: 0x00000000181e2800
RSP=0x000000001aa97dd0 is pointing into the stack for thread: 0x00000000181e2800
RBP=0x0000000000000000 is an unknown value
RSI=0x000000018002db42 is an unknown value
RDI=0x00000000184adac0 is an unknown value
R8 =0x000000018006eb38 is an unknown value
R9 =0x00000000ec92e830 is an oop
java.net.Inet6Address 
 - klass: 'java/net/Inet6Address'
R10=0x00000000ec92e768 is an oop
[Ljava.net.InetAddress; 
 - klass: 'java/net/InetAddress'[]
 - length: 3
R11=0x000000005f2837b0 is an unknown value
R12=0x00000000184adb08 is an unknown value
R13=0x000000001898c770 is an unknown value
R14=0x000000001aa97f48 is pointing into the stack for thread: 0x00000000181e2800
R15=0x0000000000000003 is an unknown value


Stack: [0x000000001a9a0000,0x000000001aaa0000],  sp=0x000000001aa97dd0,  free space=991k
Native frames: (J=compiled Java code, j=interpreted, Vv=VM code, C=native code)

Java frames: (J=compiled Java code, j=interpreted, Vv=VM code)
j  java.net.Inet6AddressImpl.lookupAllHostAddr(Ljava/lang/String;)[Ljava/net/InetAddress;+0
j  java.net.InetAddress$2.lookupAllHostAddr(Ljava/lang/String;)[Ljava/net/InetAddress;+4
j  java.net.InetAddress.getAddressesFromNameService(Ljava/lang/String;Ljava/net/InetAddress;)[Ljava/net/InetAddress;+51
j  java.net.InetAddress.getLocalHost()Ljava/net/InetAddress;+90
j  javax.crypto.JarVerifier.getSystemEntropy()[B+91
j  javax.crypto.JarVerifier.testSignatures(Ljava/security/cert/X509Certificate;Ljava/security/cert/CertificateFactory;)V+3
j  javax.crypto.JarVerifier.access$400(Ljava/security/cert/X509Certificate;Ljava/security/cert/CertificateFactory;)V+2
j  javax.crypto.JarVerifier$1.run()Ljava/lang/Void;+71
j  javax.crypto.JarVerifier$1.run()Ljava/lang/Object;+1
v  ~StubRoutines::call_stub
J 594  java.security.AccessController.doPrivileged(Ljava/security/PrivilegedExceptionAction;)Ljava/lang/Object; (0 bytes) @ 0x00000000023f8a12 [0x00000000023f89c0+0x52]
j  javax.crypto.JarVerifier.<clinit>()V+7
v  ~StubRoutines::call_stub
j  javax.crypto.JceSecurity.loadPolicies(Ljava/io/File;Ljavax/crypto/CryptoPermissions;Ljavax/crypto/CryptoPermissions;)V+146
j  javax.crypto.JceSecurity.setupJurisdictionPolicies()V+130
j  javax.crypto.JceSecurity.access$000()V+0
j  javax.crypto.JceSecurity$1.run()Ljava/lang/Object;+0
v  ~StubRoutines::call_stub
J 594  java.security.AccessController.doPrivileged(Ljava/security/PrivilegedExceptionAction;)Ljava/lang/Object; (0 bytes) @ 0x00000000023f8a12 [0x00000000023f89c0+0x52]
j  javax.crypto.JceSecurity.<clinit>()V+49
v  ~StubRoutines::call_stub
j  javax.crypto.JceSecurityManager.<clinit>()V+31
v  ~StubRoutines::call_stub
j  javax.crypto.Cipher.getConfiguredPermission(Ljava/lang/String;)Ljavax/crypto/CryptoPermission;+17
j  javax.crypto.Cipher.getMaxAllowedKeyLength(Ljava/lang/String;)I+1
j  sun.security.ssl.CipherSuite$BulkCipher.isAvailable(Lsun/security/ssl/CipherSuite$BulkCipher;)Z+36
j  sun.security.ssl.CipherSuite$BulkCipher.isAvailable()Z+27
j  sun.security.ssl.CipherSuite.isAvailable()Z+21
j  sun.security.ssl.SSLContextImpl.getApplicableCipherSuiteList(Lsun/security/ssl/ProtocolList;Z)Lsun/security/ssl/CipherSuiteList;+105
j  sun.security.ssl.SSLContextImpl.getDefaultCipherSuiteList(Z)Lsun/security/ssl/CipherSuiteList;+55
j  sun.security.ssl.SSLSocketImpl.init(Lsun/security/ssl/SSLContextImpl;Z)V+83
j  sun.security.ssl.SSLSocketImpl.<init>(Lsun/security/ssl/SSLContextImpl;)V+96
j  sun.security.ssl.SSLSocketFactoryImpl.createSocket()Ljava/net/Socket;+8
j  org.apache.http.conn.ssl.SSLSocketFactory.createSocket(Lorg/apache/http/params/HttpParams;)Ljava/net/Socket;+4
j  org.apache.http.impl.conn.DefaultClientConnectionOperator.openConnection(Lorg/apache/http/conn/OperatedClientConnection;Lorg/apache/http/HttpHost;Ljava/net/InetAddress;Lorg/apache/http/protocol/HttpContext;Lorg/apache/http/params/HttpParams;)V+142
j  org.apache.http.impl.conn.ManagedClientConnectionImpl.open(Lorg/apache/http/conn/routing/HttpRoute;Lorg/apache/http/protocol/HttpContext;Lorg/apache/http/params/HttpParams;)V+133
j  org.apache.http.impl.client.DefaultRequestDirector.tryConnect(Lorg/apache/http/impl/client/RoutedRequest;Lorg/apache/http/protocol/HttpContext;)V+49
j  org.apache.http.impl.client.DefaultRequestDirector.execute(Lorg/apache/http/HttpHost;Lorg/apache/http/HttpRequest;Lorg/apache/http/protocol/HttpContext;)Lorg/apache/http/HttpResponse;+367
j  org.apache.http.impl.client.AbstractHttpClient.execute(Lorg/apache/http/HttpHost;Lorg/apache/http/HttpRequest;Lorg/apache/http/protocol/HttpContext;)Lorg/apache/http/HttpResponse;+344
j  org.apache.http.impl.client.DecompressingHttpClient.execute(Lorg/apache/http/HttpHost;Lorg/apache/http/HttpRequest;Lorg/apache/http/protocol/HttpContext;)Lorg/apache/http/HttpResponse;+65
j  org.apache.http.impl.client.DecompressingHttpClient.execute(Lorg/apache/http/client/methods/HttpUriRequest;Lorg/apache/http/protocol/HttpContext;)Lorg/apache/http/HttpResponse;+8
j  org.gradle.internal.resource.transport.http.HttpClientHelper.performHttpRequest(Lorg/apache/http/client/methods/HttpRequestBase;)Lorg/apache/http/HttpResponse;+37
j  org.gradle.internal.resource.transport.http.HttpClientHelper.executeGetOrHead(Lorg/apache/http/client/methods/HttpRequestBase;)Lorg/apache/http/HttpResponse;+2
j  org.gradle.internal.resource.transport.http.HttpClientHelper.performRequest(Lorg/apache/http/client/methods/HttpRequestBase;)Lorg/apache/http/HttpResponse;+7
j  org.gradle.internal.resource.transport.http.HttpClientHelper.performRawGet(Ljava/lang/String;)Lorg/apache/http/HttpResponse;+9
j  org.gradle.internal.resource.transport.http.HttpClientHelper.performGet(Ljava/lang/String;)Lorg/apache/http/HttpResponse;+6
j  org.gradle.internal.resource.transport.http.HttpResourceAccessor.getResource(Ljava/net/URI;)Lorg/gradle/internal/resource/transport/http/HttpResponseResource;+25
j  org.gradle.internal.resource.transport.http.HttpResourceAccessor.getResource(Ljava/net/URI;)Lorg/gradle/internal/resource/ExternalResource;+2
j  org.gradle.internal.resource.transfer.ProgressLoggingExternalResourceAccessor.getResource(Ljava/net/URI;)Lorg/gradle/internal/resource/ExternalResource;+5
j  org.gradle.internal.resource.transfer.DefaultCacheAwareExternalResourceAccessor.getResource(Ljava/net/URI;Lorg/gradle/internal/resource/transfer/CacheAwareExternalResourceAccessor$ResourceFileStore;Lorg/gradle/internal/resource/local/LocallyAvailableResourceCandidates;)Lorg/gradle/internal/resource/LocallyAvailableExternalResource;+52
j  org.gradle.api.internal.artifacts.repositories.resolver.DefaultExternalResourceArtifactResolver.downloadStaticResource(Ljava/util/List;Lorg/gradle/internal/component/external/model/ModuleComponentArtifactMetaData;Lorg/gradle/internal/resolve/result/ResourceAwareResolveResult;)Lorg/gradle/internal/resource/LocallyAvailableExternalResource;+92
j  org.gradle.api.internal.artifacts.repositories.resolver.DefaultExternalResourceArtifactResolver.resolveMetaDataArtifact(Lorg/gradle/internal/component/external/model/ModuleComponentArtifactMetaData;Lorg/gradle/internal/resolve/result/ResourceAwareResolveResult;)Lorg/gradle/internal/resource/LocallyAvailableExternalResource;+7
j  org.gradle.api.internal.artifacts.repositories.resolver.ExternalResourceResolver.parseMetaDataFromArtifact(Lorg/gradle/api/artifacts/component/ModuleComponentIdentifier;Lorg/gradle/api/internal/artifacts/repositories/resolver/ExternalResourceArtifactResolver;Lorg/gradle/internal/resolve/result/ResourceAwareResolveResult;)Lorg/gradle/internal/component/external/model/MutableModuleComponentResolveMetaData;+11
j  org.gradle.api.internal.artifacts.repositories.resolver.ExternalResourceResolver.resolveStaticDependency(Lorg/gradle/internal/component/model/DependencyMetaData;Lorg/gradle/api/artifacts/component/ModuleComponentIdentifier;Lorg/gradle/internal/resolve/result/BuildableModuleComponentMetaDataResolveResult;Lorg/gradle/api/internal/artifacts/repositories/resolver/ExternalResourceArtifactResolver;)V+5
j  org.gradle.api.internal.artifacts.repositories.resolver.MavenResolver.doResolveComponentMetaData(Lorg/gradle/internal/component/model/DependencyMetaData;Lorg/gradle/api/artifacts/component/ModuleComponentIdentifier;Lorg/gradle/internal/resolve/result/BuildableModuleComponentMetaDataResolveResult;)V+39
j  org.gradle.api.internal.artifacts.repositories.resolver.ExternalResourceResolver$RemoteRepositoryAccess.resolveComponentMetaData(Lorg/gradle/internal/component/model/DependencyMetaData;Lorg/gradle/api/artifacts/component/ModuleComponentIdentifier;Lorg/gradle/internal/resolve/result/BuildableModuleComponentMetaDataResolveResult;)V+7
j  org.gradle.api.internal.artifacts.ivyservice.ivyresolve.CacheLockReleasingModuleComponentsRepository$LockReleasingRepositoryAccess$2.run()V+19
j  org.gradle.internal.Factories$1.create()Ljava/lang/Object;+4
j  org.gradle.cache.internal.DefaultCacheAccess.longRunningOperation(Ljava/lang/String;Lorg/gradle/internal/Factory;)Ljava/lang/Object;+7
j  org.gradle.cache.internal.DefaultCacheAccess.longRunningOperation(Ljava/lang/String;Ljava/lang/Runnable;)V+6
j  org.gradle.cache.internal.DefaultPersistentDirectoryStore.longRunningOperation(Ljava/lang/String;Ljava/lang/Runnable;)V+6
j  org.gradle.cache.internal.DefaultCacheFactory$ReferenceTrackingCache.longRunningOperation(Ljava/lang/String;Ljava/lang/Runnable;)V+9
j  org.gradle.api.internal.artifacts.ivyservice.DefaultCacheLockingManager.longRunningOperation(Ljava/lang/String;Ljava/lang/Runnable;)V+6
j  org.gradle.api.internal.artifacts.ivyservice.ivyresolve.CacheLockReleasingModuleComponentsRepository$LockReleasingRepositoryAccess.resolveComponentMetaData(Lorg/gradle/internal/component/model/DependencyMetaData;Lorg/gradle/api/artifacts/component/ModuleComponentIdentifier;Lorg/gradle/internal/resolve/result/BuildableModuleComponentMetaDataResolveResult;)V+35
j  org.gradle.api.internal.artifacts.ivyservice.ivyresolve.CachingModuleComponentRepository$ResolveAndCacheRepositoryAccess.resolveComponentMetaData(Lorg/gradle/internal/component/model/DependencyMetaData;Lorg/gradle/api/artifacts/component/ModuleComponentIdentifier;Lorg/gradle/internal/resolve/result/BuildableModuleComponentMetaDataResolveResult;)V+24
j  org.gradle.api.internal.artifacts.ivyservice.ivyresolve.BaseModuleComponentRepositoryAccess.resolveComponentMetaData(Lorg/gradle/internal/component/model/DependencyMetaData;Lorg/gradle/api/artifacts/component/ModuleComponentIdentifier;Lorg/gradle/internal/resolve/result/BuildableModuleComponentMetaDataResolveResult;)V+7
j  org.gradle.api.internal.artifacts.ivyservice.ivyresolve.memcache.InMemoryCachedModuleComponentRepository$CachedAccess.resolveComponentMetaData(Lorg/gradle/internal/component/model/DependencyMetaData;Lorg/gradle/api/artifacts/component/ModuleComponentIdentifier;Lorg/gradle/internal/resolve/result/BuildableModuleComponentMetaDataResolveResult;)V+16
j  org.gradle.api.internal.artifacts.ivyservice.ivyresolve.ComponentMetaDataResolveState.process(Lorg/gradle/internal/component/model/DependencyMetaData;Lorg/gradle/api/artifacts/component/ModuleComponentIdentifier;Lorg/gradle/api/internal/artifacts/ivyservice/ivyresolve/ModuleComponentRepositoryAccess;Lorg/gradle/internal/resolve/result/BuildableModuleComponentMetaDataResolveResult;)V+5
j  org.gradle.api.internal.artifacts.ivyservice.ivyresolve.ComponentMetaDataResolveState.resolve()Lorg/gradle/internal/resolve/result/BuildableModuleComponentMetaDataResolveResult;+104
j  org.gradle.api.internal.artifacts.ivyservice.ivyresolve.RepositoryChainDependencyResolver.findBestMatch(Ljava/util/LinkedList;Ljava/util/Collection;Ljava/util/Collection;)Lorg/gradle/api/internal/artifacts/ivyservice/ivyresolve/RepositoryChainModuleResolution;+21
j  org.gradle.api.internal.artifacts.ivyservice.ivyresolve.RepositoryChainDependencyResolver.findBestMatch(Ljava/util/List;Ljava/util/Collection;)Lorg/gradle/api/internal/artifacts/ivyservice/ivyresolve/RepositoryChainModuleResolution;+28
j  org.gradle.api.internal.artifacts.ivyservice.ivyresolve.RepositoryChainDependencyResolver.resolve(Lorg/gradle/internal/component/model/DependencyMetaData;Lorg/gradle/internal/resolve/result/BuildableComponentResolveResult;)V+159
j  org.gradle.api.internal.artifacts.ivyservice.ivyresolve.RepositoryChainAdapter.resolve(Lorg/gradle/internal/component/model/DependencyMetaData;Lorg/gradle/api/artifacts/component/ComponentIdentifier;Lorg/gradle/internal/resolve/result/BuildableComponentResolveResult;)V+64
j  org.gradle.api.internal.artifacts.ivyservice.clientmodule.ClientModuleResolver.resolve(Lorg/gradle/internal/component/model/DependencyMetaData;Lorg/gradle/api/artifacts/component/ComponentIdentifier;Lorg/gradle/internal/resolve/result/BuildableComponentResolveResult;)V+7
j  org.gradle.api.internal.artifacts.ivyservice.resolveengine.graph.DependencyGraphBuilder$ModuleVersionResolveState.resolve()V+89
j  org.gradle.api.internal.artifacts.ivyservice.resolveengine.graph.DependencyGraphBuilder$ModuleVersionResolveState.getMetaData()Lorg/gradle/internal/component/model/ComponentResolveMetaData;+8
j  org.gradle.api.internal.artifacts.ivyservice.resolveengine.graph.DependencyGraphBuilder$DependencyEdge.calculateTargetConfigurations()V+13
j  org.gradle.api.internal.artifacts.ivyservice.resolveengine.graph.DependencyGraphBuilder$DependencyEdge.attachToTargetConfigurations()V+15
j  org.gradle.api.internal.artifacts.ivyservice.resolveengine.graph.DependencyGraphBuilder.traverseGraph(Lorg/gradle/api/internal/artifacts/ivyservice/resolveengine/graph/DependencyGraphBuilder$ResolveState;Lorg/gradle/api/internal/artifacts/ivyservice/resolveengine/graph/conflicts/ConflictHandler;)V+229
j  org.gradle.api.internal.artifacts.ivyservice.resolveengine.graph.DependencyGraphBuilder.resolveDependencyGraph(Lorg/gradle/api/internal/artifacts/configurations/ConfigurationInternal;Lorg/gradle/api/internal/artifacts/ivyservice/resolveengine/graph/DependencyGraphVisitor;)V+94
j  org.gradle.api.internal.artifacts.ivyservice.resolveengine.graph.DependencyGraphBuilder.resolve(Lorg/gradle/api/internal/artifacts/configurations/ConfigurationInternal;Lorg/gradle/api/internal/artifacts/ivyservice/resolveengine/result/ResolutionResultBuilder;Lorg/gradle/api/internal/artifacts/ivyservice/resolveengine/oldresult/ResolvedConfigurationBuilder;)V+51
j  org.gradle.api.internal.artifacts.ivyservice.resolveengine.DefaultDependencyResolver$1.execute(Lorg/apache/ivy/Ivy;)V+314
j  org.gradle.api.internal.artifacts.ivyservice.resolveengine.DefaultDependencyResolver$1.execute(Ljava/lang/Object;)V+5
j  org.gradle.internal.Transformers$4.transform(Ljava/lang/Object;)Ljava/lang/Object;+5
j  org.gradle.api.internal.artifacts.ivyservice.DefaultIvyContextManager.withIvy(Lorg/gradle/api/Transformer;)Ljava/lang/Object;+96
j  org.gradle.api.internal.artifacts.ivyservice.DefaultIvyContextManager.withIvy(Lorg/gradle/api/Action;)V+5
j  org.gradle.api.internal.artifacts.ivyservice.resolveengine.DefaultDependencyResolver.resolve(Lorg/gradle/api/internal/artifacts/configurations/ConfigurationInternal;Ljava/util/List;Lorg/gradle/api/internal/artifacts/GlobalDependencyResolutionRules;Lorg/gradle/api/internal/artifacts/ResolverResults;)V+28
j  org.gradle.api.internal.artifacts.ivyservice.CacheLockingArtifactDependencyResolver$1.run()V+23
j  org.gradle.internal.Factories$1.create()Ljava/lang/Object;+4
j  org.gradle.cache.internal.DefaultCacheAccess.useCache(Ljava/lang/String;Lorg/gradle/internal/Factory;)Ljava/lang/Object;+45
j  org.gradle.cache.internal.DefaultCacheAccess.useCache(Ljava/lang/String;Ljava/lang/Runnable;)V+6
j  org.gradle.cache.internal.DefaultPersistentDirectoryStore.useCache(Ljava/lang/String;Ljava/lang/Runnable;)V+6
j  org.gradle.cache.internal.DefaultCacheFactory$ReferenceTrackingCache.useCache(Ljava/lang/String;Ljava/lang/Runnable;)V+9
j  org.gradle.api.internal.artifacts.ivyservice.DefaultCacheLockingManager.useCache(Ljava/lang/String;Ljava/lang/Runnable;)V+6
j  org.gradle.api.internal.artifacts.ivyservice.CacheLockingArtifactDependencyResolver.resolve(Lorg/gradle/api/internal/artifacts/configurations/ConfigurationInternal;Ljava/util/List;Lorg/gradle/api/internal/artifacts/GlobalDependencyResolutionRules;Lorg/gradle/api/internal/artifacts/ResolverResults;)V+30
j  org.gradle.api.internal.artifacts.ivyservice.SelfResolvingDependencyResolver.resolve(Lorg/gradle/api/internal/artifacts/configurations/ConfigurationInternal;Ljava/util/List;Lorg/gradle/api/internal/artifacts/GlobalDependencyResolutionRules;Lorg/gradle/api/internal/artifacts/ResolverResults;)V+9
j  org.gradle.api.internal.artifacts.ivyservice.ShortcircuitEmptyConfigsArtifactDependencyResolver.resolve(Lorg/gradle/api/internal/artifacts/configurations/ConfigurationInternal;Ljava/util/List;Lorg/gradle/api/internal/artifacts/GlobalDependencyResolutionRules;Lorg/gradle/api/internal/artifacts/ResolverResults;)V+88
j  org.gradle.api.internal.artifacts.ivyservice.ErrorHandlingArtifactDependencyResolver.resolve(Lorg/gradle/api/internal/artifacts/configurations/ConfigurationInternal;Ljava/util/List;Lorg/gradle/api/internal/artifacts/GlobalDependencyResolutionRules;Lorg/gradle/api/internal/artifacts/ResolverResults;)V+9
j  org.gradle.api.internal.artifacts.ivyservice.DefaultConfigurationResolver.resolve(Lorg/gradle/api/internal/artifacts/configurations/ConfigurationInternal;)Lorg/gradle/api/internal/artifacts/ResolverResults;+33
j  org.gradle.api.internal.artifacts.configurations.DefaultConfiguration.resolveNow()V+40
j  org.gradle.api.internal.artifacts.configurations.DefaultConfiguration.getResolvedConfiguration()Lorg/gradle/api/artifacts/ResolvedConfiguration;+1
j  org.gradle.api.internal.artifacts.configurations.DefaultConfiguration_Decorated.getResolvedConfiguration()Lorg/gradle/api/artifacts/ResolvedConfiguration;+7
j  org.gradle.api.internal.artifacts.configurations.DefaultConfiguration$ConfigurationFileCollection.getFiles()Ljava/util/Set;+14
j  org.gradle.api.internal.artifacts.configurations.DefaultConfiguration.getFiles()Ljava/util/Set;+7
j  org.gradle.api.internal.artifacts.configurations.DefaultConfiguration_Decorated.getFiles()Ljava/util/Set;+7
j  org.gradle.plugin.use.internal.DefaultPluginRequestApplicator.defineScriptHandlerClassScope(Lorg/gradle/api/initialization/dsl/ScriptHandler;Lorg/gradle/api/internal/initialization/ClassLoaderScope;)V+15
j  org.gradle.plugin.use.internal.DefaultPluginRequestApplicator.applyPlugins(Ljava/util/Collection;Lorg/gradle/api/initialization/dsl/ScriptHandler;Lorg/gradle/api/plugins/PluginAware;Lorg/gradle/api/internal/initialization/ClassLoaderScope;)V+13
j  org.gradle.configuration.DefaultScriptPluginFactory$ScriptPluginImpl.apply(Ljava/lang/Object;)V+329
j  org.gradle.configuration.project.BuildScriptProcessor.execute(Lorg/gradle/api/internal/project/ProjectInternal;)V+85
j  org.gradle.configuration.project.BuildScriptProcessor.execute(Ljava/lang/Object;)V+5
j  org.gradle.configuration.project.ConfigureActionsProjectEvaluator.evaluate(Lorg/gradle/api/internal/project/ProjectInternal;Lorg/gradle/api/internal/project/ProjectStateInternal;)V+33
j  org.gradle.configuration.project.LifecycleProjectEvaluator.evaluate(Lorg/gradle/api/internal/project/ProjectInternal;Lorg/gradle/api/internal/project/ProjectStateInternal;)V+54
j  org.gradle.api.internal.project.AbstractProject.evaluate()Lorg/gradle/api/internal/project/AbstractProject;+9
j  org.gradle.api.internal.project.AbstractProject.evaluate()Lorg/gradle/api/Project;+1
j  org.gradle.execution.TaskPathProjectEvaluator.configureHierarchy(Lorg/gradle/api/internal/project/ProjectInternal;)V+21
j  org.gradle.configuration.DefaultBuildConfigurer.configure(Lorg/gradle/api/internal/GradleInternal;)V+50
j  org.gradle.initialization.DefaultGradleLauncher.doBuildStages(Lorg/gradle/initialization/DefaultGradleLauncher$Stage;)V+85
j  org.gradle.initialization.DefaultGradleLauncher.doBuild(Lorg/gradle/initialization/DefaultGradleLauncher$Stage;)Lorg/gradle/BuildResult;+27
j  org.gradle.initialization.DefaultGradleLauncher.getBuildAnalysis()Lorg/gradle/BuildResult;+4
j  org.gradle.launcher.exec.InProcessBuildActionExecuter$DefaultBuildController.configure()Lorg/gradle/api/internal/GradleInternal;+5
j  org.gradle.tooling.internal.provider.ClientProvidedBuildAction.run(Lorg/gradle/initialization/BuildController;)Lorg/gradle/tooling/internal/provider/BuildActionResult;+39
j  org.gradle.tooling.internal.provider.ClientProvidedBuildAction.run(Lorg/gradle/initialization/BuildController;)Ljava/lang/Object;+2
j  org.gradle.tooling.internal.provider.ConfiguringBuildAction.run(Lorg/gradle/initialization/BuildController;)Ljava/lang/Object;+15
j  org.gradle.launcher.exec.InProcessBuildActionExecuter.execute(Lorg/gradle/initialization/BuildAction;Lorg/gradle/initialization/BuildCancellationToken;Lorg/gradle/launcher/exec/BuildActionParameters;)Ljava/lang/Object;+19
j  org.gradle.launcher.exec.InProcessBuildActionExecuter.execute(Lorg/gradle/initialization/BuildAction;Lorg/gradle/initialization/BuildCancellationToken;Ljava/lang/Object;)Ljava/lang/Object;+7
j  org.gradle.launcher.daemon.server.exec.ExecuteBuild.doBuild(Lorg/gradle/launcher/daemon/server/exec/DaemonCommandExecution;Lorg/gradle/launcher/daemon/protocol/Build;)V+47
j  org.gradle.launcher.daemon.server.exec.BuildCommandOnly.execute(Lorg/gradle/launcher/daemon/server/exec/DaemonCommandExecution;)V+49
j  org.gradle.launcher.daemon.server.exec.DaemonCommandExecution.proceed()Z+28
j  org.gradle.launcher.daemon.server.exec.WatchForDisconnection.execute(Lorg/gradle/launcher/daemon/server/exec/DaemonCommandExecution;)V+19
j  org.gradle.launcher.daemon.server.exec.DaemonCommandExecution.proceed()Z+28
j  org.gradle.launcher.daemon.server.exec.ResetDeprecationLogger.execute(Lorg/gradle/launcher/daemon/server/exec/DaemonCommandExecution;)V+4
j  org.gradle.launcher.daemon.server.exec.DaemonCommandExecution.proceed()Z+28
j  org.gradle.launcher.daemon.server.exec.StartStopIfBuildAndStop.execute(Lorg/gradle/launcher/daemon/server/exec/DaemonCommandExecution;)V+34
j  org.gradle.launcher.daemon.server.exec.DaemonCommandExecution.proceed()Z+28
j  org.gradle.launcher.daemon.server.exec.ForwardClientInput$2.call()Ljava/lang/Void;+4
j  org.gradle.launcher.daemon.server.exec.ForwardClientInput$2.call()Ljava/lang/Object;+1
j  org.gradle.util.Swapper.swap(Ljava/lang/Object;Ljava/util/concurrent/Callable;)Ljava/lang/Object;+21
j  org.gradle.launcher.daemon.server.exec.ForwardClientInput.execute(Lorg/gradle/launcher/daemon/server/exec/DaemonCommandExecution;)V+63
j  org.gradle.launcher.daemon.server.exec.DaemonCommandExecution.proceed()Z+28
j  org.gradle.launcher.daemon.server.exec.LogToClient.doBuild(Lorg/gradle/launcher/daemon/server/exec/DaemonCommandExecution;Lorg/gradle/launcher/daemon/protocol/Build;)V+92
j  org.gradle.launcher.daemon.server.exec.BuildCommandOnly.execute(Lorg/gradle/launcher/daemon/server/exec/DaemonCommandExecution;)V+49
j  org.gradle.launcher.daemon.server.exec.DaemonCommandExecution.proceed()Z+28
j  org.gradle.launcher.daemon.server.exec.EstablishBuildEnvironment.doBuild(Lorg/gradle/launcher/daemon/server/exec/DaemonCommandExecution;Lorg/gradle/launcher/daemon/protocol/Build;)V+237
j  org.gradle.launcher.daemon.server.exec.BuildCommandOnly.execute(Lorg/gradle/launcher/daemon/server/exec/DaemonCommandExecution;)V+49
j  org.gradle.launcher.daemon.server.exec.DaemonCommandExecution.proceed()Z+28
j  org.gradle.launcher.daemon.server.exec.DaemonHygieneAction.execute(Lorg/gradle/launcher/daemon/server/exec/DaemonCommandExecution;)V+1
j  org.gradle.launcher.daemon.server.exec.DaemonCommandExecution.proceed()Z+28
j  org.gradle.launcher.daemon.server.exec.StartBuildOrRespondWithBusy$1.run()V+44
j  org.gradle.launcher.daemon.server.DaemonStateCoordinator$1.run()V+4
j  org.gradle.internal.concurrent.DefaultExecutorFactory$StoppableExecutorImpl$1.run()V+18
j  java.util.concurrent.ThreadPoolExecutor.runWorker(Ljava/util/concurrent/ThreadPoolExecutor$Worker;)V+95
j  java.util.concurrent.ThreadPoolExecutor$Worker.run()V+5
j  java.lang.Thread.run()V+11
v  ~StubRoutines::call_stub

---------------  P R O C E S S  ---------------

Java Threads: ( => current thread )
  0x0000000018837000 JavaThread "File lock request listener" [_thread_in_native, id=3548, stack(0x000000001c2c0000,0x000000001c3c0000)]
  0x00000000181e5800 JavaThread "Stdin handler" [_thread_blocked, id=5632, stack(0x000000001aaa0000,0x000000001aba0000)]
=>0x00000000181e2800 JavaThread "Daemon worker" [_thread_in_native, id=4780, stack(0x000000001a9a0000,0x000000001aaa0000)]
  0x000000001823c800 JavaThread "Cancel handler" [_thread_blocked, id=5956, stack(0x000000001a8a0000,0x000000001a9a0000)]
  0x000000001826f800 JavaThread "Handler for socket connection from /127.0.0.1:50146 to /127.0.0.1:50147" [_thread_in_native, id=6036, stack(0x000000001a7a0000,0x000000001a8a0000)]
  0x0000000018213000 JavaThread "Daemon" [_thread_blocked, id=5712, stack(0x000000001a3e0000,0x000000001a4e0000)]
  0x0000000017fdb800 JavaThread "Incoming local TCP Connector on port 50146" [_thread_in_native, id=5496, stack(0x0000000019b20000,0x0000000019c20000)]
  0x0000000016d62800 JavaThread "Service Thread" daemon [_thread_blocked, id=4424, stack(0x00000000176a0000,0x00000000177a0000)]
  0x0000000016cd5000 JavaThread "C1 CompilerThread3" daemon [_thread_blocked, id=1988, stack(0x00000000175a0000,0x00000000176a0000)]
  0x0000000016cce800 JavaThread "C2 CompilerThread2" daemon [_thread_blocked, id=5436, stack(0x00000000174a0000,0x00000000175a0000)]
  0x0000000016ccc000 JavaThread "C2 CompilerThread1" daemon [_thread_blocked, id=800, stack(0x00000000173a0000,0x00000000174a0000)]
  0x0000000016cc9000 JavaThread "C2 CompilerThread0" daemon [_thread_blocked, id=5508, stack(0x00000000172a0000,0x00000000173a0000)]
  0x0000000016cc4800 JavaThread "Attach Listener" daemon [_thread_blocked, id=4620, stack(0x00000000171a0000,0x00000000172a0000)]
  0x0000000016cc4000 JavaThread "Signal Dispatcher" daemon [_thread_blocked, id=3068, stack(0x00000000170a0000,0x00000000171a0000)]
  0x0000000002168000 JavaThread "Finalizer" daemon [_thread_blocked, id=448, stack(0x0000000016b90000,0x0000000016c90000)]
  0x0000000014cbc000 JavaThread "Reference Handler" daemon [_thread_blocked, id=5544, stack(0x0000000016a90000,0x0000000016b90000)]
  0x0000000002072800 JavaThread "main" [_thread_blocked, id=764, stack(0x0000000001c60000,0x0000000001d60000)]

Other Threads:
  0x0000000014cb8000 VMThread [stack: 0x0000000016990000,0x0000000016a90000] [id=2792]
  0x0000000016d64800 WatcherThread [stack: 0x00000000177a0000,0x00000000178a0000] [id=1804]

VM state:not at safepoint (normal execution)

VM Mutex/Monitor currently owned by a thread: None

Heap:
 PSYoungGen      total 62976K, used 33862K [0x00000000eab00000, 0x00000000ef700000, 0x0000000100000000)
  eden space 59904K, 52% used [0x00000000eab00000,0x00000000ec99be48,0x00000000ee580000)
  from space 3072K, 81% used [0x00000000ee580000,0x00000000ee7f5b30,0x00000000ee880000)
  to   space 5632K, 0% used [0x00000000ef180000,0x00000000ef180000,0x00000000ef700000)
 ParOldGen       total 20992K, used 13831K [0x00000000c0000000, 0x00000000c1480000, 0x00000000eab00000)
  object space 20992K, 65% used [0x00000000c0000000,0x00000000c0d81fb8,0x00000000c1480000)
 Metaspace       used 27890K, capacity 28647K, committed 28928K, reserved 1075200K
  class space    used 3767K, capacity 4021K, committed 4096K, reserved 1048576K

Card table byte_map: [0x0000000011540000,0x0000000011750000] byte_map_base: 0x0000000010f40000

Marking Bits: (ParMarkBitMap*) 0x000000005f2f13b0
 Begin Bits: [0x00000000120b0000, 0x00000000130b0000)
 End Bits:   [0x00000000130b0000, 0x00000000140b0000)

Polling page: 0x0000000001d70000

CodeCache: size=245760Kb used=10538Kb max_used=10550Kb free=235221Kb
 bounds [0x0000000002180000, 0x0000000002be0000, 0x0000000011180000]
 total_blobs=3174 nmethods=2534 adapters=553
 compilation: enabled

Compilation events (10 events):
Event: 9.458 Thread 0x0000000016cd5000 2751       3       java.util.TreeMap::rotateLeft (96 bytes)
Event: 9.458 Thread 0x0000000016cd5000 nmethod 2751 0x0000000002bc8c50 code [0x0000000002bc8dc0, 0x0000000002bc9110]
Event: 9.458 Thread 0x0000000016cd5000 2752       3       java.util.StringTokenizer::<init> (8 bytes)
Event: 9.458 Thread 0x0000000016cd5000 nmethod 2752 0x0000000002bd1290 code [0x0000000002bd1400, 0x0000000002bd1588]
Event: 9.460 Thread 0x0000000016cc9000 2753       4       java.lang.Character::isWhitespace (5 bytes)
Event: 9.460 Thread 0x0000000016cd5000 2754       3       java.math.MutableBigInteger::mulsub (110 bytes)
Event: 9.461 Thread 0x0000000016cd5000 nmethod 2754 0x0000000002bd1610 code [0x0000000002bd1780, 0x0000000002bd1a90]
Event: 9.461 Thread 0x0000000016cc9000 nmethod 2753 0x0000000002bd4990 code [0x0000000002bd4ac0, 0x0000000002bd4b58]
Event: 9.463 Thread 0x0000000016ccc000 2755       4       java.security.MessageDigest$Delegate::engineUpdate (11 bytes)
Event: 9.466 Thread 0x0000000016ccc000 nmethod 2755 0x0000000002bd2c10 code [0x0000000002bd2d80, 0x0000000002bd3128]

GC Heap History (10 events):
Event: 6.517 GC heap before
{Heap before GC invocations=26 (full 2):
 PSYoungGen      total 49152K, used 45568K [0x00000000eab00000, 0x00000000ee980000, 0x0000000100000000)
  eden space 45568K, 100% used [0x00000000eab00000,0x00000000ed780000,0x00000000ed780000)
  from space 3584K, 0% used [0x00000000ed780000,0x00000000ed780000,0x00000000edb00000)
  to   space 3584K, 0% used [0x00000000ee600000,0x00000000ee600000,0x00000000ee980000)
 ParOldGen       total 12288K, used 8186K [0x00000000c0000000, 0x00000000c0c00000, 0x00000000eab00000)
  object space 12288K, 66% used [0x00000000c0000000,0x00000000c07feaa0,0x00000000c0c00000)
 Metaspace       used 21151K, capacity 21653K, committed 22016K, reserved 1069056K
  class space    used 2831K, capacity 2978K, committed 3072K, reserved 1048576K
Event: 6.518 GC heap after
Heap after GC invocations=26 (full 2):
 PSYoungGen      total 53760K, used 224K [0x00000000eab00000, 0x00000000ee680000, 0x0000000100000000)
  eden space 53248K, 0% used [0x00000000eab00000,0x00000000eab00000,0x00000000edf00000)
  from space 512K, 43% used [0x00000000ee600000,0x00000000ee638000,0x00000000ee680000)
  to   space 3584K, 0% used [0x00000000edf80000,0x00000000edf80000,0x00000000ee300000)
 ParOldGen       total 12288K, used 8186K [0x00000000c0000000, 0x00000000c0c00000, 0x00000000eab00000)
  object space 12288K, 66% used [0x00000000c0000000,0x00000000c07feaa0,0x00000000c0c00000)
 Metaspace       used 21151K, capacity 21653K, committed 22016K, reserved 1069056K
  class space    used 2831K, capacity 2978K, committed 3072K, reserved 1048576K
}
Event: 6.662 GC heap before
{Heap before GC invocations=27 (full 2):
 PSYoungGen      total 53760K, used 53472K [0x00000000eab00000, 0x00000000ee680000, 0x0000000100000000)
  eden space 53248K, 100% used [0x00000000eab00000,0x00000000edf00000,0x00000000edf00000)
  from space 512K, 43% used [0x00000000ee600000,0x00000000ee638000,0x00000000ee680000)
  to   space 3584K, 0% used [0x00000000edf80000,0x00000000edf80000,0x00000000ee300000)
 ParOldGen       total 12288K, used 8186K [0x00000000c0000000, 0x00000000c0c00000, 0x00000000eab00000)
  object space 12288K, 66% used [0x00000000c0000000,0x00000000c07feaa0,0x00000000c0c00000)
 Metaspace       used 21165K, capacity 21653K, committed 22016K, reserved 1069056K
  class space    used 2831K, capacity 2978K, committed 3072K, reserved 1048576K
Event: 6.663 GC heap after
Heap after GC invocations=27 (full 2):
 PSYoungGen      total 57344K, used 448K [0x00000000eab00000, 0x00000000eec00000, 0x0000000100000000)
  eden space 53760K, 0% used [0x00000000eab00000,0x00000000eab00000,0x00000000edf80000)
  from space 3584K, 12% used [0x00000000edf80000,0x00000000edff0000,0x00000000ee300000)
  to   space 3584K, 0% used [0x00000000ee880000,0x00000000ee880000,0x00000000eec00000)
 ParOldGen       total 12288K, used 8186K [0x00000000c0000000, 0x00000000c0c00000, 0x00000000eab00000)
  object space 12288K, 66% used [0x00000000c0000000,0x00000000c07feaa0,0x00000000c0c00000)
 Metaspace       used 21165K, capacity 21653K, committed 22016K, reserved 1069056K
  class space    used 2831K, capacity 2978K, committed 3072K, reserved 1048576K
}
Event: 6.805 GC heap before
{Heap before GC invocations=28 (full 2):
 PSYoungGen      total 57344K, used 54208K [0x00000000eab00000, 0x00000000eec00000, 0x0000000100000000)
  eden space 53760K, 100% used [0x00000000eab00000,0x00000000edf80000,0x00000000edf80000)
  from space 3584K, 12% used [0x00000000edf80000,0x00000000edff0000,0x00000000ee300000)
  to   space 3584K, 0% used [0x00000000ee880000,0x00000000ee880000,0x00000000eec00000)
 ParOldGen       total 12288K, used 8186K [0x00000000c0000000, 0x00000000c0c00000, 0x00000000eab00000)
  object space 12288K, 66% used [0x00000000c0000000,0x00000000c07feaa0,0x00000000c0c00000)
 Metaspace       used 21165K, capacity 21653K, committed 22016K, reserved 1069056K
  class space    used 2831K, capacity 2978K, committed 3072K, reserved 1048576K
Event: 6.807 GC heap after
Heap after GC invocations=28 (full 2):
 PSYoungGen      total 63488K, used 896K [0x00000000eab00000, 0x00000000eec00000, 0x0000000100000000)
  eden space 59904K, 0% used [0x00000000eab00000,0x00000000eab00000,0x00000000ee580000)
  from space 3584K, 25% used [0x00000000ee880000,0x00000000ee960020,0x00000000eec00000)
  to   space 3072K, 0% used [0x00000000ee580000,0x00000000ee580000,0x00000000ee880000)
 ParOldGen       total 12288K, used 8186K [0x00000000c0000000, 0x00000000c0c00000, 0x00000000eab00000)
  object space 12288K, 66% used [0x00000000c0000000,0x00000000c07feaa0,0x00000000c0c00000)
 Metaspace       used 21165K, capacity 21653K, committed 22016K, reserved 1069056K
  class space    used 2831K, capacity 2978K, committed 3072K, reserved 1048576K
}
Event: 8.451 GC heap before
{Heap before GC invocations=29 (full 2):
 PSYoungGen      total 63488K, used 60800K [0x00000000eab00000, 0x00000000eec00000, 0x0000000100000000)
  eden space 59904K, 100% used [0x00000000eab00000,0x00000000ee580000,0x00000000ee580000)
  from space 3584K, 25% used [0x00000000ee880000,0x00000000ee960020,0x00000000eec00000)
  to   space 3072K, 0% used [0x00000000ee580000,0x00000000ee580000,0x00000000ee880000)
 ParOldGen       total 12288K, used 8186K [0x00000000c0000000, 0x00000000c0c00000, 0x00000000eab00000)
  object space 12288K, 66% used [0x00000000c0000000,0x00000000c07feaa0,0x00000000c0c00000)
 Metaspace       used 24380K, capacity 25137K, committed 25344K, reserved 1071104K
  class space    used 3280K, capacity 3561K, committed 3584K, reserved 1048576K
Event: 8.457 GC heap after
Heap after GC invocations=29 (full 2):
 PSYoungGen      total 62976K, used 3040K [0x00000000eab00000, 0x00000000ef700000, 0x0000000100000000)
  eden space 59904K, 0% used [0x00000000eab00000,0x00000000eab00000,0x00000000ee580000)
  from space 3072K, 98% used [0x00000000ee580000,0x00000000ee878010,0x00000000ee880000)
  to   space 5632K, 0% used [0x00000000ef180000,0x00000000ef180000,0x00000000ef700000)
 ParOldGen       total 14336K, used 13868K [0x00000000c0000000, 0x00000000c0e00000, 0x00000000eab00000)
  object space 14336K, 96% used [0x00000000c0000000,0x00000000c0d8b1d0,0x00000000c0e00000)
 Metaspace       used 24380K, capacity 25137K, committed 25344K, reserved 1071104K
  class space    used 3280K, capacity 3561K, committed 3584K, reserved 1048576K
}
Event: 8.457 GC heap before
{Heap before GC invocations=30 (full 3):
 PSYoungGen      total 62976K, used 3040K [0x00000000eab00000, 0x00000000ef700000, 0x0000000100000000)
  eden space 59904K, 0% used [0x00000000eab00000,0x00000000eab00000,0x00000000ee580000)
  from space 3072K, 98% used [0x00000000ee580000,0x00000000ee878010,0x00000000ee880000)
  to   space 5632K, 0% used [0x00000000ef180000,0x00000000ef180000,0x00000000ef700000)
 ParOldGen       total 14336K, used 13868K [0x00000000c0000000, 0x00000000c0e00000, 0x00000000eab00000)
  object space 14336K, 96% used [0x00000000c0000000,0x00000000c0d8b1d0,0x00000000c0e00000)
 Metaspace       used 24380K, capacity 25137K, committed 25344K, reserved 1071104K
  class space    used 3280K, capacity 3561K, committed 3584K, reserved 1048576K
Event: 8.615 GC heap after
Heap after GC invocations=30 (full 3):
 PSYoungGen      total 62976K, used 2518K [0x00000000eab00000, 0x00000000ef700000, 0x0000000100000000)
  eden space 59904K, 0% used [0x00000000eab00000,0x00000000eab00000,0x00000000ee580000)
  from space 3072K, 81% used [0x00000000ee580000,0x00000000ee7f5b30,0x00000000ee880000)
  to   space 5632K, 0% used [0x00000000ef180000,0x00000000ef180000,0x00000000ef700000)
 ParOldGen       total 20992K, used 13831K [0x00000000c0000000, 0x00000000c1480000, 0x00000000eab00000)
  object space 20992K, 65% used [0x00000000c0000000,0x00000000c0d81fb8,0x00000000c1480000)
 Metaspace       used 24380K, capacity 25137K, committed 25344K, reserved 1071104K
  class space    used 3280K, capacity 3561K, committed 3584K, reserved 1048576K
}

Deoptimization events (10 events):
Event: 9.331 Thread 0x00000000181e2800 Uncommon trap: reason=class_check action=maybe_recompile pc=0x00000000029c7fb4 method=java.util.regex.Pattern$Branch.match(Ljava/util/regex/Matcher;ILjava/lang/CharSequence;)Z @ 50
Event: 9.331 Thread 0x00000000181e2800 Uncommon trap: reason=class_check action=maybe_recompile pc=0x00000000029c7fb4 method=java.util.regex.Pattern$Branch.match(Ljava/util/regex/Matcher;ILjava/lang/CharSequence;)Z @ 50
Event: 9.331 Thread 0x00000000181e2800 Uncommon trap: reason=class_check action=maybe_recompile pc=0x00000000029c7fb4 method=java.util.regex.Pattern$Branch.match(Ljava/util/regex/Matcher;ILjava/lang/CharSequence;)Z @ 50
Event: 9.338 Thread 0x00000000181e2800 Uncommon trap: reason=class_check action=maybe_recompile pc=0x0000000002580974 method=java.io.DataInputStream.readUnsignedShort()I @ 4
Event: 9.339 Thread 0x00000000181e2800 Uncommon trap: reason=class_check action=maybe_recompile pc=0x0000000002580974 method=java.io.DataInputStream.readUnsignedShort()I @ 4
Event: 9.339 Thread 0x00000000181e2800 Uncommon trap: reason=class_check action=maybe_recompile pc=0x0000000002580974 method=java.io.DataInputStream.readUnsignedShort()I @ 4
Event: 9.339 Thread 0x00000000181e2800 Uncommon trap: reason=class_check action=maybe_recompile pc=0x0000000002580974 method=java.io.DataInputStream.readUnsignedShort()I @ 4
Event: 9.454 Thread 0x00000000181e2800 Uncommon trap: reason=unreached action=reinterpret pc=0x0000000002490490 method=java.lang.Integer.parseInt(Ljava/lang/String;I)I @ 1
Event: 9.459 Thread 0x00000000181e2800 Uncommon trap: reason=unreached action=reinterpret pc=0x00000000029c4ce0 method=java.lang.ClassLoader.getResource(Ljava/lang/String;)Ljava/net/URL; @ 25
Event: 9.459 Thread 0x00000000181e2800 Uncommon trap: reason=unreached action=reinterpret pc=0x00000000029c4ce0 method=java.lang.ClassLoader.getResource(Ljava/lang/String;)Ljava/net/URL; @ 25

Internal exceptions (10 events):
Event: 9.451 Thread 0x00000000181e2800 Exception <a 'java/security/PrivilegedActionException'> (0x00000000ec8a7fe0) thrown at [D:\re\workspace\8-2-build-windows-amd64-cygwin\jdk8u5\2488\hotspot\src\share\vm\prims\jvm.cpp, line 1248]
Event: 9.451 Thread 0x00000000181e2800 Exception <a 'java/security/PrivilegedActionException'> (0x00000000ec8a9448) thrown at [D:\re\workspace\8-2-build-windows-amd64-cygwin\jdk8u5\2488\hotspot\src\share\vm\prims\jvm.cpp, line 1248]
Event: 9.451 Thread 0x00000000181e2800 Exception <a 'java/security/PrivilegedActionException'> (0x00000000ec8af438) thrown at [D:\re\workspace\8-2-build-windows-amd64-cygwin\jdk8u5\2488\hotspot\src\share\vm\prims\jvm.cpp, line 1248]
Event: 9.452 Thread 0x00000000181e2800 Exception <a 'java/security/PrivilegedActionException'> (0x00000000ec8b94f0) thrown at [D:\re\workspace\8-2-build-windows-amd64-cygwin\jdk8u5\2488\hotspot\src\share\vm\prims\jvm.cpp, line 1248]
Event: 9.452 Thread 0x00000000181e2800 Exception <a 'java/security/PrivilegedActionException'> (0x00000000ec8ba8a0) thrown at [D:\re\workspace\8-2-build-windows-amd64-cygwin\jdk8u5\2488\hotspot\src\share\vm\prims\jvm.cpp, line 1248]
Event: 9.452 Thread 0x00000000181e2800 Exception <a 'java/security/PrivilegedActionException'> (0x00000000ec8bfaa0) thrown at [D:\re\workspace\8-2-build-windows-amd64-cygwin\jdk8u5\2488\hotspot\src\share\vm\prims\jvm.cpp, line 1248]
Event: 9.452 Thread 0x00000000181e2800 Exception <a 'java/security/PrivilegedActionException'> (0x00000000ec8c9dc0) thrown at [D:\re\workspace\8-2-build-windows-amd64-cygwin\jdk8u5\2488\hotspot\src\share\vm\prims\jvm.cpp, line 1248]
Event: 9.452 Thread 0x00000000181e2800 Exception <a 'java/security/PrivilegedActionException'> (0x00000000ec8caf20) thrown at [D:\re\workspace\8-2-build-windows-amd64-cygwin\jdk8u5\2488\hotspot\src\share\vm\prims\jvm.cpp, line 1248]
Event: 9.453 Thread 0x00000000181e2800 Exception <a 'java/security/PrivilegedActionException'> (0x00000000ec8d0d80) thrown at [D:\re\workspace\8-2-build-windows-amd64-cygwin\jdk8u5\2488\hotspot\src\share\vm\prims\jvm.cpp, line 1248]
Event: 9.454 Thread 0x00000000181e2800 Implicit null exception at 0x000000000248ffaf to 0x000000000249047d

Events (10 events):
Event: 9.462 loading class javax/crypto/JarVerifier
Event: 9.462 loading class javax/crypto/JarVerifier done
Event: 9.462 loading class javax/crypto/JarVerifier$1
Event: 9.462 loading class javax/crypto/JarVerifier$1 done
Event: 9.463 loading class sun/security/validator/Validator
Event: 9.463 loading class sun/security/validator/Validator done
Event: 9.463 loading class sun/security/validator/SimpleValidator
Event: 9.463 loading class sun/security/validator/SimpleValidator done
Event: 9.463 loading class sun/security/validator/EndEntityChecker
Event: 9.463 loading class sun/security/validator/EndEntityChecker done


Dynamic libraries:
0x000007f7e4e30000 - 0x000007f7e4e64000 	D:\Program Files\Java\jdk1.8.0_05\bin\java.exe
0x000007fd2f9d0000 - 0x000007fd2fb90000 	D:\Windows\SYSTEM32\ntdll.dll
0x000007fd2ec80000 - 0x000007fd2edb6000 	D:\Windows\system32\KERNEL32.DLL
0x000007fd2ca50000 - 0x000007fd2cb43000 	D:\Windows\system32\KERNELBASE.dll
0x000007fd2f740000 - 0x000007fd2f81e000 	D:\Windows\system32\ADVAPI32.dll
0x000007fd2f370000 - 0x000007fd2f4bc000 	D:\Windows\system32\USER32.dll
0x000007fd2a5d0000 - 0x000007fd2a83a000 	D:\Windows\WinSxS\amd64_microsoft.windows.common-controls_6595b64144ccf1df_6.0.9200.16579_none_418ab7ef718b27ef\COMCTL32.dll
0x000007fd2ef10000 - 0x000007fd2efb5000 	D:\Windows\system32\msvcrt.dll
0x000007fd2d4c0000 - 0x000007fd2d508000 	D:\Windows\SYSTEM32\sechost.dll
0x000007fd2edc0000 - 0x000007fd2ef05000 	D:\Windows\system32\RPCRT4.dll
0x000007fd2f5f0000 - 0x000007fd2f731000 	D:\Windows\system32\GDI32.dll
0x000007fd2ebd0000 - 0x000007fd2ec09000 	D:\Windows\system32\IMM32.DLL
0x000007fd2f4c0000 - 0x000007fd2f5d6000 	D:\Windows\system32\MSCTF.dll
0x000000005e7a0000 - 0x000000005e872000 	D:\Program Files\Java\jdk1.8.0_05\jre\bin\msvcr100.dll
0x000000005eb40000 - 0x000000005f36a000 	D:\Program Files\Java\jdk1.8.0_05\jre\bin\server\jvm.dll
0x000007fd29950000 - 0x000007fd29959000 	D:\Windows\SYSTEM32\WSOCK32.dll
0x000007fd25e20000 - 0x000007fd25e40000 	D:\Windows\SYSTEM32\WINMM.dll
0x000007fd2f310000 - 0x000007fd2f317000 	D:\Windows\system32\PSAPI.DLL
0x000007fd2eb70000 - 0x000007fd2ebc8000 	D:\Windows\system32\WS2_32.dll
0x000007fd25de0000 - 0x000007fd25e13000 	D:\Windows\SYSTEM32\WINMMBASE.dll
0x000007fd2efd0000 - 0x000007fd2efd9000 	D:\Windows\system32\NSI.dll
0x000007fd2c950000 - 0x000007fd2c99f000 	D:\Windows\SYSTEM32\cfgmgr32.dll
0x000007fd2cd90000 - 0x000007fd2cdb2000 	D:\Windows\system32\DEVOBJ.dll
0x000000005f990000 - 0x000000005f99f000 	D:\Program Files\Java\jdk1.8.0_05\jre\bin\verify.dll
0x000000005f960000 - 0x000000005f988000 	D:\Program Files\Java\jdk1.8.0_05\jre\bin\java.dll
0x000000005f940000 - 0x000000005f956000 	D:\Program Files\Java\jdk1.8.0_05\jre\bin\zip.dll
0x000007fd2d690000 - 0x000007fd2e970000 	D:\Windows\system32\SHELL32.dll
0x000007fd2f820000 - 0x000007fd2f9d0000 	D:\Windows\SYSTEM32\combase.dll
0x000007fd2f320000 - 0x000007fd2f370000 	D:\Windows\system32\SHLWAPI.dll
0x000007fd2b1f0000 - 0x000007fd2b286000 	D:\Windows\SYSTEM32\SHCORE.dll
0x000007fd2c880000 - 0x000007fd2c895000 	D:\Windows\SYSTEM32\profapi.dll
0x000007fd2c130000 - 0x000007fd2c14a000 	D:\Windows\SYSTEM32\CRYPTSP.dll
0x000007fd2bdb0000 - 0x000007fd2bdfb000 	D:\Windows\system32\rsaenh.dll
0x000007fd2beb0000 - 0x000007fd2becf000 	D:\Windows\SYSTEM32\USERENV.dll
0x000007fd2c6c0000 - 0x000007fd2c6ca000 	D:\Windows\SYSTEM32\CRYPTBASE.dll
0x000007fd2c660000 - 0x000007fd2c6bc000 	D:\Windows\SYSTEM32\bcryptPrimitives.dll
0x000000005f920000 - 0x000000005f93a000 	D:\Program Files\Java\jdk1.8.0_05\jre\bin\net.dll
0x0000000180000000 - 0x0000000180078000 	D:\Windows\system32\ASProxy64.dll
0x000007fd2c0d0000 - 0x000007fd2c12c000 	D:\Windows\SYSTEM32\MSWSOCK.dll
0x000007fd2b9a0000 - 0x000007fd2b9ca000 	D:\Windows\SYSTEM32\IPHLPAPI.DLL
0x000007fd2d510000 - 0x000007fd2d68e000 	D:\Windows\system32\ole32.dll
0x000007fd2d1c0000 - 0x000007fd2d283000 	D:\Windows\system32\OLEAUT32.dll
0x000007fd2b990000 - 0x000007fd2b999000 	D:\Windows\SYSTEM32\VERSION.dll
0x000007fd2b980000 - 0x000007fd2b98a000 	D:\Windows\SYSTEM32\WINNSI.DLL
0x000007fd2c630000 - 0x000007fd2c65c000 	D:\Windows\SYSTEM32\SspiCli.dll
0x000007fd2b6c0000 - 0x000007fd2b7a6000 	D:\Windows\system32\uxtheme.dll
0x000007fd2f270000 - 0x000007fd2f306000 	D:\Windows\SYSTEM32\clbcatq.dll
0x000007fd2c6d0000 - 0x000007fd2c782000 	D:\Windows\SYSTEM32\sxs.dll
0x000007fd27150000 - 0x000007fd27163000 	D:\Windows\SYSTEM32\dhcpcsvc6.DLL
0x000007fd27130000 - 0x000007fd27148000 	D:\Windows\SYSTEM32\dhcpcsvc.DLL
0x000000005f900000 - 0x000000005f911000 	D:\Program Files\Java\jdk1.8.0_05\jre\bin\nio.dll
0x000007fd250b0000 - 0x000007fd250c2000 	D:\Users\Admin\AppData\Local\Temp\native-platform2122225684776750412dir\native-platform.dll
0x000000005e8b0000 - 0x000000005e8d4000 	D:\Program Files\Java\jdk1.8.0_05\jre\bin\sunec.dll
0x000007fd25580000 - 0x000007fd25594000 	D:\Windows\system32\napinsp.dll
0x000007fd255a0000 - 0x000007fd255b8000 	D:\Windows\system32\pnrpnsp.dll
0x000007fd2a9f0000 - 0x000007fd2aa06000 	D:\Windows\system32\NLAapi.dll
0x000007fd2bf10000 - 0x000007fd2bfa8000 	D:\Windows\SYSTEM32\DNSAPI.dll
0x000007fd255c0000 - 0x000007fd255d2000 	D:\Windows\System32\winrnr.dll
0x000007fd25380000 - 0x000007fd25388000 	D:\Windows\System32\rasadhlp.dll
0x000007fd27210000 - 0x000007fd27271000 	D:\Windows\System32\fwpuclnt.dll
0x000007fd258b0000 - 0x000007fd25a13000 	D:\Windows\SYSTEM32\dbghelp.dll

VM Arguments:
jvm_args: -XX:MaxPermSize=256m -XX:+HeapDumpOnOutOfMemoryError -Xmx1024m -Dfile.encoding=windows-1252 -Duser.country=US -Duser.language=en -Duser.variant 
java_command: org.gradle.launcher.daemon.bootstrap.GradleDaemon 2.2.1 D:\Users\Admin\.gradle\daemon 10800000 8f9743cb-d981-41ff-a7e5-03fa48cf096d -XX:MaxPermSize=256m -XX:+HeapDumpOnOutOfMemoryError -Xmx1024m -Dfile.encoding=windows-1252 -Duser.country=US -Duser.language=en -Duser.variant
java_class_path (initial): D:\Users\Admin\.gradle\wrapper\dists\gradle-2.2.1-all\c64ydeuardnfqctvr1gm30w53\gradle-2.2.1\lib\gradle-launcher-2.2.1.jar
Launcher Type: SUN_STANDARD

Environment Variables:
PATH=D:\Windows\system32;D:\Windows;D:\Windows\System32\Wbem;D:\Windows\System32\WindowsPowerShell\v1.0\;D:\Program Files (x86)\Skype\Phone\
USERNAME=Admin
OS=Windows_NT
PROCESSOR_IDENTIFIER=Intel64 Family 6 Model 58 Stepping 9, GenuineIntel



---------------  S Y S T E M  ---------------

OS: Windows 8 , 64 bit Build 9200 

CPU:total 8 (4 cores per cpu, 2 threads per core) family 6 model 58 stepping 9, cmov, cx8, fxsr, mmx, sse, sse2, sse3, ssse3, sse4.1, sse4.2, popcnt, avx, aes, clmul, erms, ht, tsc, tscinvbit

Memory: 4k page, physical 8283228k(5613168k free), swap 9528412k(6391340k free)

vm_info: Java HotSpot(TM) 64-Bit Server VM (25.5-b02) for windows-amd64 JRE (1.8.0_05-b13), built on Mar 18 2014 01:08:39 by "java_re" with MS VC++ 10.0 (VS2010)

time: Tue Jan 26 15:41:38 2016
elapsed time: 9 seconds

