#
# A fatal error has been detected by the Java Runtime Environment:
#
#  EXCEPTION_ACCESS_VIOLATION (0xc0000005) at pc=0x00000000008a9ee0, pid=3036, tid=3788
#
# JRE version: Java(TM) SE Runtime Environment (8.0_05-b13) (build 1.8.0_05-b13)
# Java VM: Java HotSpot(TM) 64-Bit Server VM (25.5-b02 mixed mode windows-amd64 compressed oops)
# Problematic frame:
# C  0x00000000008a9ee0
#
# Failed to write core dump. Minidumps are not enabled by default on client versions of Windows
#
# If you would like to submit a bug report, please visit:
#   http://bugreport.sun.com/bugreport/crash.jsp
# The crash happened outside the Java Virtual Machine in native code.
# See problematic frame for where to report the bug.
#

---------------  T H R E A D  ---------------

Current thread (0x00000000188f0000):  JavaThread "Daemon worker" [_thread_in_native, id=3788, stack(0x000000001b1a0000,0x000000001b2a0000)]

siginfo: ExceptionCode=0xc0000005, ExceptionInformation=0x0000000000000008 0x00000000008a9ee0

Registers:
RAX=0x0000000000000000, RBX=0x00000000008a9ee0, RCX=0x00000000008a9ee0, RDX=0x000000001b297e98
RSP=0x000000001b297f30, RBP=0x0000000000000000, RSI=0x000000018002db42, RDI=0x000000001ba0e890
R8 =0x000000018006eb38, R9 =0x00000000ee703bf0, R10=0x00000000ee703b28, R11=0x000000005f2837b0
R12=0x000000001ba0e8d8, R13=0x000000001d6adb80, R14=0x000000001b2980a8, R15=0x0000000000000003
RIP=0x00000000008a9ee0, EFLAGS=0x0000000000010206

Top of Stack: (sp=0x000000001b297f30)
0x000000001b297f30:   0000000000000000 000000005e678d94
0x000000001b297f40:   000000001df4b910 00000000188f01e0
0x000000001b297f50:   000000001df4b990 000000001df4b910
0x000000001b297f60:   00000000188f01e0 000000005f923aea
0x000000001b297f70:   00000000008a9ee0 00000000188f01e0
0x000000001b297f80:   000000001df4b910 000000001df4b990
0x000000001b297f90:   0000583d00000001 00000000008a9ee0
0x000000001b297fa0:   000000001df4b990 0000000000000002
0x000000001b297fb0:   0000000000000000 0000000000000000
0x000000001b297fc0:   0000000000000000 0000000000000000
0x000000001b297fd0:   0000000000000000 0000000000000000
0x000000001b297fe0:   00000000188f0000 000000001b2980b0
0x000000001b297ff0:   0000000014fbb078 0000000000000000
0x000000001b298000:   0000000000000000 00000000028a51ae
0x000000001b298010:   0000000014fbb080 000000001b298088
0x000000001b298020:   0000000000000000 00000000ee703a00 

Instructions: (pc=0x00000000008a9ee0)
0x00000000008a9ec0:   20 00 00 00 00 00 00 00 02 00 00 00 7f ff ff ff
0x00000000008a9ed0:   00 00 00 00 00 00 00 00 35 64 ec 31 e9 32 00 90
0x00000000008a9ee0:   00 00 00 00 17 00 00 00 00 00 00 00 00 00 00 00
0x00000000008a9ef0:   1c 00 00 00 00 00 00 00 30 d8 8c 00 00 00 00 00 


Register to memory mapping:

RAX=0x0000000000000000 is an unknown value
RBX=0x00000000008a9ee0 is an unknown value
RCX=0x00000000008a9ee0 is an unknown value
RDX=0x000000001b297e98 is pointing into the stack for thread: 0x00000000188f0000
RSP=0x000000001b297f30 is pointing into the stack for thread: 0x00000000188f0000
RBP=0x0000000000000000 is an unknown value
RSI=0x000000018002db42 is an unknown value
RDI=0x000000001ba0e890 is an unknown value
R8 =0x000000018006eb38 is an unknown value
R9 =0x00000000ee703bf0 is an oop
java.net.Inet6Address 
 - klass: 'java/net/Inet6Address'
R10=0x00000000ee703b28 is an oop
[Ljava.net.InetAddress; 
 - klass: 'java/net/InetAddress'[]
 - length: 3
R11=0x000000005f2837b0 is an unknown value
R12=0x000000001ba0e8d8 is an unknown value
R13=0x000000001d6adb80 is an unknown value
R14=0x000000001b2980a8 is pointing into the stack for thread: 0x00000000188f0000
R15=0x0000000000000003 is an unknown value


Stack: [0x000000001b1a0000,0x000000001b2a0000],  sp=0x000000001b297f30,  free space=991k
Native frames: (J=compiled Java code, j=interpreted, Vv=VM code, C=native code)

Java frames: (J=compiled Java code, j=interpreted, Vv=VM code)
j  java.net.Inet6AddressImpl.lookupAllHostAddr(Ljava/lang/String;)[Ljava/net/InetAddress;+0
j  java.net.InetAddress$2.lookupAllHostAddr(Ljava/lang/String;)[Ljava/net/InetAddress;+4
j  java.net.InetAddress.getAddressesFromNameService(Ljava/lang/String;Ljava/net/InetAddress;)[Ljava/net/InetAddress;+51
j  java.net.InetAddress.getLocalHost()Ljava/net/InetAddress;+90
j  javax.crypto.JarVerifier.getSystemEntropy()[B+91
j  javax.crypto.JarVerifier.testSignatures(Ljava/security/cert/X509Certificate;Ljava/security/cert/CertificateFactory;)V+3
j  javax.crypto.JarVerifier.access$400(Ljava/security/cert/X509Certificate;Ljava/security/cert/CertificateFactory;)V+2
j  javax.crypto.JarVerifier$1.run()Ljava/lang/Void;+71
j  javax.crypto.JarVerifier$1.run()Ljava/lang/Object;+1
v  ~StubRoutines::call_stub
J 617  java.security.AccessController.doPrivileged(Ljava/security/PrivilegedExceptionAction;)Ljava/lang/Object; (0 bytes) @ 0x0000000002b12dd2 [0x0000000002b12d80+0x52]
j  javax.crypto.JarVerifier.<clinit>()V+7
v  ~StubRoutines::call_stub
j  javax.crypto.JceSecurity.loadPolicies(Ljava/io/File;Ljavax/crypto/CryptoPermissions;Ljavax/crypto/CryptoPermissions;)V+146
j  javax.crypto.JceSecurity.setupJurisdictionPolicies()V+130
j  javax.crypto.JceSecurity.access$000()V+0
j  javax.crypto.JceSecurity$1.run()Ljava/lang/Object;+0
v  ~StubRoutines::call_stub
J 617  java.security.AccessController.doPrivileged(Ljava/security/PrivilegedExceptionAction;)Ljava/lang/Object; (0 bytes) @ 0x0000000002b12dd2 [0x0000000002b12d80+0x52]
j  javax.crypto.JceSecurity.<clinit>()V+49
v  ~StubRoutines::call_stub
j  javax.crypto.JceSecurityManager.<clinit>()V+31
v  ~StubRoutines::call_stub
j  javax.crypto.Cipher.getConfiguredPermission(Ljava/lang/String;)Ljavax/crypto/CryptoPermission;+17
j  javax.crypto.Cipher.getMaxAllowedKeyLength(Ljava/lang/String;)I+1
j  sun.security.ssl.CipherSuite$BulkCipher.isAvailable(Lsun/security/ssl/CipherSuite$BulkCipher;)Z+36
j  sun.security.ssl.CipherSuite$BulkCipher.isAvailable()Z+27
j  sun.security.ssl.CipherSuite.isAvailable()Z+21
j  sun.security.ssl.SSLContextImpl.getApplicableCipherSuiteList(Lsun/security/ssl/ProtocolList;Z)Lsun/security/ssl/CipherSuiteList;+105
j  sun.security.ssl.SSLContextImpl.getDefaultCipherSuiteList(Z)Lsun/security/ssl/CipherSuiteList;+55
j  sun.security.ssl.SSLSocketImpl.init(Lsun/security/ssl/SSLContextImpl;Z)V+83
j  sun.security.ssl.SSLSocketImpl.<init>(Lsun/security/ssl/SSLContextImpl;)V+96
j  sun.security.ssl.SSLSocketFactoryImpl.createSocket()Ljava/net/Socket;+8
j  org.apache.http.conn.ssl.SSLSocketFactory.createSocket(Lorg/apache/http/params/HttpParams;)Ljava/net/Socket;+4
j  org.apache.http.impl.conn.DefaultClientConnectionOperator.openConnection(Lorg/apache/http/conn/OperatedClientConnection;Lorg/apache/http/HttpHost;Ljava/net/InetAddress;Lorg/apache/http/protocol/HttpContext;Lorg/apache/http/params/HttpParams;)V+142
j  org.apache.http.impl.conn.ManagedClientConnectionImpl.open(Lorg/apache/http/conn/routing/HttpRoute;Lorg/apache/http/protocol/HttpContext;Lorg/apache/http/params/HttpParams;)V+133
j  org.apache.http.impl.client.DefaultRequestDirector.tryConnect(Lorg/apache/http/impl/client/RoutedRequest;Lorg/apache/http/protocol/HttpContext;)V+49
j  org.apache.http.impl.client.DefaultRequestDirector.execute(Lorg/apache/http/HttpHost;Lorg/apache/http/HttpRequest;Lorg/apache/http/protocol/HttpContext;)Lorg/apache/http/HttpResponse;+367
j  org.apache.http.impl.client.AbstractHttpClient.execute(Lorg/apache/http/HttpHost;Lorg/apache/http/HttpRequest;Lorg/apache/http/protocol/HttpContext;)Lorg/apache/http/HttpResponse;+344
j  org.apache.http.impl.client.DecompressingHttpClient.execute(Lorg/apache/http/HttpHost;Lorg/apache/http/HttpRequest;Lorg/apache/http/protocol/HttpContext;)Lorg/apache/http/HttpResponse;+65
j  org.apache.http.impl.client.DecompressingHttpClient.execute(Lorg/apache/http/client/methods/HttpUriRequest;Lorg/apache/http/protocol/HttpContext;)Lorg/apache/http/HttpResponse;+8
j  org.gradle.internal.resource.transport.http.HttpClientHelper.performHttpRequest(Lorg/apache/http/client/methods/HttpRequestBase;)Lorg/apache/http/HttpResponse;+37
j  org.gradle.internal.resource.transport.http.HttpClientHelper.executeGetOrHead(Lorg/apache/http/client/methods/HttpRequestBase;)Lorg/apache/http/HttpResponse;+2
j  org.gradle.internal.resource.transport.http.HttpClientHelper.performRequest(Lorg/apache/http/client/methods/HttpRequestBase;)Lorg/apache/http/HttpResponse;+7
j  org.gradle.internal.resource.transport.http.HttpClientHelper.performRawGet(Ljava/lang/String;)Lorg/apache/http/HttpResponse;+9
j  org.gradle.internal.resource.transport.http.HttpClientHelper.performGet(Ljava/lang/String;)Lorg/apache/http/HttpResponse;+6
j  org.gradle.internal.resource.transport.http.HttpResourceAccessor.getResource(Ljava/net/URI;)Lorg/gradle/internal/resource/transport/http/HttpResponseResource;+25
j  org.gradle.internal.resource.transport.http.HttpResourceAccessor.getResource(Ljava/net/URI;)Lorg/gradle/internal/resource/ExternalResource;+2
j  org.gradle.internal.resource.transfer.ProgressLoggingExternalResourceAccessor.getResource(Ljava/net/URI;)Lorg/gradle/internal/resource/ExternalResource;+5
j  org.gradle.internal.resource.transfer.DefaultCacheAwareExternalResourceAccessor.getResource(Ljava/net/URI;Lorg/gradle/internal/resource/transfer/CacheAwareExternalResourceAccessor$ResourceFileStore;Lorg/gradle/internal/resource/local/LocallyAvailableResourceCandidates;)Lorg/gradle/internal/resource/LocallyAvailableExternalResource;+52
j  org.gradle.api.internal.artifacts.repositories.resolver.DefaultExternalResourceArtifactResolver.downloadStaticResource(Ljava/util/List;Lorg/gradle/internal/component/external/model/ModuleComponentArtifactMetaData;Lorg/gradle/internal/resolve/result/ResourceAwareResolveResult;)Lorg/gradle/internal/resource/LocallyAvailableExternalResource;+92
j  org.gradle.api.internal.artifacts.repositories.resolver.DefaultExternalResourceArtifactResolver.resolveMetaDataArtifact(Lorg/gradle/internal/component/external/model/ModuleComponentArtifactMetaData;Lorg/gradle/internal/resolve/result/ResourceAwareResolveResult;)Lorg/gradle/internal/resource/LocallyAvailableExternalResource;+7
j  org.gradle.api.internal.artifacts.repositories.resolver.ExternalResourceResolver.parseMetaDataFromArtifact(Lorg/gradle/api/artifacts/component/ModuleComponentIdentifier;Lorg/gradle/api/internal/artifacts/repositories/resolver/ExternalResourceArtifactResolver;Lorg/gradle/internal/resolve/result/ResourceAwareResolveResult;)Lorg/gradle/internal/component/external/model/MutableModuleComponentResolveMetaData;+11
j  org.gradle.api.internal.artifacts.repositories.resolver.ExternalResourceResolver.resolveStaticDependency(Lorg/gradle/internal/component/model/DependencyMetaData;Lorg/gradle/api/artifacts/component/ModuleComponentIdentifier;Lorg/gradle/internal/resolve/result/BuildableModuleComponentMetaDataResolveResult;Lorg/gradle/api/internal/artifacts/repositories/resolver/ExternalResourceArtifactResolver;)V+5
j  org.gradle.api.internal.artifacts.repositories.resolver.MavenResolver.doResolveComponentMetaData(Lorg/gradle/internal/component/model/DependencyMetaData;Lorg/gradle/api/artifacts/component/ModuleComponentIdentifier;Lorg/gradle/internal/resolve/result/BuildableModuleComponentMetaDataResolveResult;)V+39
j  org.gradle.api.internal.artifacts.repositories.resolver.ExternalResourceResolver$RemoteRepositoryAccess.resolveComponentMetaData(Lorg/gradle/internal/component/model/DependencyMetaData;Lorg/gradle/api/artifacts/component/ModuleComponentIdentifier;Lorg/gradle/internal/resolve/result/BuildableModuleComponentMetaDataResolveResult;)V+7
j  org.gradle.api.internal.artifacts.ivyservice.ivyresolve.CacheLockReleasingModuleComponentsRepository$LockReleasingRepositoryAccess$2.run()V+19
j  org.gradle.internal.Factories$1.create()Ljava/lang/Object;+4
j  org.gradle.cache.internal.DefaultCacheAccess.longRunningOperation(Ljava/lang/String;Lorg/gradle/internal/Factory;)Ljava/lang/Object;+7
j  org.gradle.cache.internal.DefaultCacheAccess.longRunningOperation(Ljava/lang/String;Ljava/lang/Runnable;)V+6
j  org.gradle.cache.internal.DefaultPersistentDirectoryStore.longRunningOperation(Ljava/lang/String;Ljava/lang/Runnable;)V+6
j  org.gradle.cache.internal.DefaultCacheFactory$ReferenceTrackingCache.longRunningOperation(Ljava/lang/String;Ljava/lang/Runnable;)V+9
j  org.gradle.api.internal.artifacts.ivyservice.DefaultCacheLockingManager.longRunningOperation(Ljava/lang/String;Ljava/lang/Runnable;)V+6
j  org.gradle.api.internal.artifacts.ivyservice.ivyresolve.CacheLockReleasingModuleComponentsRepository$LockReleasingRepositoryAccess.resolveComponentMetaData(Lorg/gradle/internal/component/model/DependencyMetaData;Lorg/gradle/api/artifacts/component/ModuleComponentIdentifier;Lorg/gradle/internal/resolve/result/BuildableModuleComponentMetaDataResolveResult;)V+35
j  org.gradle.api.internal.artifacts.ivyservice.ivyresolve.CachingModuleComponentRepository$ResolveAndCacheRepositoryAccess.resolveComponentMetaData(Lorg/gradle/internal/component/model/DependencyMetaData;Lorg/gradle/api/artifacts/component/ModuleComponentIdentifier;Lorg/gradle/internal/resolve/result/BuildableModuleComponentMetaDataResolveResult;)V+24
j  org.gradle.api.internal.artifacts.ivyservice.ivyresolve.BaseModuleComponentRepositoryAccess.resolveComponentMetaData(Lorg/gradle/internal/component/model/DependencyMetaData;Lorg/gradle/api/artifacts/component/ModuleComponentIdentifier;Lorg/gradle/internal/resolve/result/BuildableModuleComponentMetaDataResolveResult;)V+7
j  org.gradle.api.internal.artifacts.ivyservice.ivyresolve.memcache.InMemoryCachedModuleComponentRepository$CachedAccess.resolveComponentMetaData(Lorg/gradle/internal/component/model/DependencyMetaData;Lorg/gradle/api/artifacts/component/ModuleComponentIdentifier;Lorg/gradle/internal/resolve/result/BuildableModuleComponentMetaDataResolveResult;)V+16
j  org.gradle.api.internal.artifacts.ivyservice.ivyresolve.ComponentMetaDataResolveState.process(Lorg/gradle/internal/component/model/DependencyMetaData;Lorg/gradle/api/artifacts/component/ModuleComponentIdentifier;Lorg/gradle/api/internal/artifacts/ivyservice/ivyresolve/ModuleComponentRepositoryAccess;Lorg/gradle/internal/resolve/result/BuildableModuleComponentMetaDataResolveResult;)V+5
j  org.gradle.api.internal.artifacts.ivyservice.ivyresolve.ComponentMetaDataResolveState.resolve()Lorg/gradle/internal/resolve/result/BuildableModuleComponentMetaDataResolveResult;+104
j  org.gradle.api.internal.artifacts.ivyservice.ivyresolve.RepositoryChainDependencyResolver.findBestMatch(Ljava/util/LinkedList;Ljava/util/Collection;Ljava/util/Collection;)Lorg/gradle/api/internal/artifacts/ivyservice/ivyresolve/RepositoryChainModuleResolution;+21
j  org.gradle.api.internal.artifacts.ivyservice.ivyresolve.RepositoryChainDependencyResolver.findBestMatch(Ljava/util/List;Ljava/util/Collection;)Lorg/gradle/api/internal/artifacts/ivyservice/ivyresolve/RepositoryChainModuleResolution;+28
j  org.gradle.api.internal.artifacts.ivyservice.ivyresolve.RepositoryChainDependencyResolver.resolve(Lorg/gradle/internal/component/model/DependencyMetaData;Lorg/gradle/internal/resolve/result/BuildableComponentResolveResult;)V+159
j  org.gradle.api.internal.artifacts.ivyservice.ivyresolve.RepositoryChainAdapter.resolve(Lorg/gradle/internal/component/model/DependencyMetaData;Lorg/gradle/api/artifacts/component/ComponentIdentifier;Lorg/gradle/internal/resolve/result/BuildableComponentResolveResult;)V+64
j  org.gradle.api.internal.artifacts.ivyservice.clientmodule.ClientModuleResolver.resolve(Lorg/gradle/internal/component/model/DependencyMetaData;Lorg/gradle/api/artifacts/component/ComponentIdentifier;Lorg/gradle/internal/resolve/result/BuildableComponentResolveResult;)V+7
j  org.gradle.api.internal.artifacts.ivyservice.resolveengine.graph.DependencyGraphBuilder$ModuleVersionResolveState.resolve()V+89
j  org.gradle.api.internal.artifacts.ivyservice.resolveengine.graph.DependencyGraphBuilder$ModuleVersionResolveState.getMetaData()Lorg/gradle/internal/component/model/ComponentResolveMetaData;+8
j  org.gradle.api.internal.artifacts.ivyservice.resolveengine.graph.DependencyGraphBuilder$DependencyEdge.calculateTargetConfigurations()V+13
j  org.gradle.api.internal.artifacts.ivyservice.resolveengine.graph.DependencyGraphBuilder$DependencyEdge.attachToTargetConfigurations()V+15
j  org.gradle.api.internal.artifacts.ivyservice.resolveengine.graph.DependencyGraphBuilder.traverseGraph(Lorg/gradle/api/internal/artifacts/ivyservice/resolveengine/graph/DependencyGraphBuilder$ResolveState;Lorg/gradle/api/internal/artifacts/ivyservice/resolveengine/graph/conflicts/ConflictHandler;)V+229
j  org.gradle.api.internal.artifacts.ivyservice.resolveengine.graph.DependencyGraphBuilder.resolveDependencyGraph(Lorg/gradle/api/internal/artifacts/configurations/ConfigurationInternal;Lorg/gradle/api/internal/artifacts/ivyservice/resolveengine/graph/DependencyGraphVisitor;)V+94
j  org.gradle.api.internal.artifacts.ivyservice.resolveengine.graph.DependencyGraphBuilder.resolve(Lorg/gradle/api/internal/artifacts/configurations/ConfigurationInternal;Lorg/gradle/api/internal/artifacts/ivyservice/resolveengine/result/ResolutionResultBuilder;Lorg/gradle/api/internal/artifacts/ivyservice/resolveengine/oldresult/ResolvedConfigurationBuilder;)V+51
j  org.gradle.api.internal.artifacts.ivyservice.resolveengine.DefaultDependencyResolver$1.execute(Lorg/apache/ivy/Ivy;)V+314
j  org.gradle.api.internal.artifacts.ivyservice.resolveengine.DefaultDependencyResolver$1.execute(Ljava/lang/Object;)V+5
j  org.gradle.internal.Transformers$4.transform(Ljava/lang/Object;)Ljava/lang/Object;+5
j  org.gradle.api.internal.artifacts.ivyservice.DefaultIvyContextManager.withIvy(Lorg/gradle/api/Transformer;)Ljava/lang/Object;+96
j  org.gradle.api.internal.artifacts.ivyservice.DefaultIvyContextManager.withIvy(Lorg/gradle/api/Action;)V+5
j  org.gradle.api.internal.artifacts.ivyservice.resolveengine.DefaultDependencyResolver.resolve(Lorg/gradle/api/internal/artifacts/configurations/ConfigurationInternal;Ljava/util/List;Lorg/gradle/api/internal/artifacts/GlobalDependencyResolutionRules;Lorg/gradle/api/internal/artifacts/ResolverResults;)V+28
j  org.gradle.api.internal.artifacts.ivyservice.CacheLockingArtifactDependencyResolver$1.run()V+23
j  org.gradle.internal.Factories$1.create()Ljava/lang/Object;+4
j  org.gradle.cache.internal.DefaultCacheAccess.useCache(Ljava/lang/String;Lorg/gradle/internal/Factory;)Ljava/lang/Object;+45
j  org.gradle.cache.internal.DefaultCacheAccess.useCache(Ljava/lang/String;Ljava/lang/Runnable;)V+6
j  org.gradle.cache.internal.DefaultPersistentDirectoryStore.useCache(Ljava/lang/String;Ljava/lang/Runnable;)V+6
j  org.gradle.cache.internal.DefaultCacheFactory$ReferenceTrackingCache.useCache(Ljava/lang/String;Ljava/lang/Runnable;)V+9
j  org.gradle.api.internal.artifacts.ivyservice.DefaultCacheLockingManager.useCache(Ljava/lang/String;Ljava/lang/Runnable;)V+6
j  org.gradle.api.internal.artifacts.ivyservice.CacheLockingArtifactDependencyResolver.resolve(Lorg/gradle/api/internal/artifacts/configurations/ConfigurationInternal;Ljava/util/List;Lorg/gradle/api/internal/artifacts/GlobalDependencyResolutionRules;Lorg/gradle/api/internal/artifacts/ResolverResults;)V+30
j  org.gradle.api.internal.artifacts.ivyservice.SelfResolvingDependencyResolver.resolve(Lorg/gradle/api/internal/artifacts/configurations/ConfigurationInternal;Ljava/util/List;Lorg/gradle/api/internal/artifacts/GlobalDependencyResolutionRules;Lorg/gradle/api/internal/artifacts/ResolverResults;)V+9
j  org.gradle.api.internal.artifacts.ivyservice.ShortcircuitEmptyConfigsArtifactDependencyResolver.resolve(Lorg/gradle/api/internal/artifacts/configurations/ConfigurationInternal;Ljava/util/List;Lorg/gradle/api/internal/artifacts/GlobalDependencyResolutionRules;Lorg/gradle/api/internal/artifacts/ResolverResults;)V+88
j  org.gradle.api.internal.artifacts.ivyservice.ErrorHandlingArtifactDependencyResolver.resolve(Lorg/gradle/api/internal/artifacts/configurations/ConfigurationInternal;Ljava/util/List;Lorg/gradle/api/internal/artifacts/GlobalDependencyResolutionRules;Lorg/gradle/api/internal/artifacts/ResolverResults;)V+9
j  org.gradle.api.internal.artifacts.ivyservice.DefaultConfigurationResolver.resolve(Lorg/gradle/api/internal/artifacts/configurations/ConfigurationInternal;)Lorg/gradle/api/internal/artifacts/ResolverResults;+33
j  org.gradle.api.internal.artifacts.configurations.DefaultConfiguration.resolveNow()V+40
j  org.gradle.api.internal.artifacts.configurations.DefaultConfiguration.getResolvedConfiguration()Lorg/gradle/api/artifacts/ResolvedConfiguration;+1
j  org.gradle.api.internal.artifacts.configurations.DefaultConfiguration_Decorated.getResolvedConfiguration()Lorg/gradle/api/artifacts/ResolvedConfiguration;+7
j  org.gradle.api.internal.artifacts.configurations.DefaultConfiguration$ConfigurationFileCollection.getFiles()Ljava/util/Set;+14
j  org.gradle.api.internal.artifacts.configurations.DefaultConfiguration.getFiles()Ljava/util/Set;+7
j  org.gradle.api.internal.artifacts.configurations.DefaultConfiguration_Decorated.getFiles()Ljava/util/Set;+7
j  org.gradle.plugin.use.internal.DefaultPluginRequestApplicator.defineScriptHandlerClassScope(Lorg/gradle/api/initialization/dsl/ScriptHandler;Lorg/gradle/api/internal/initialization/ClassLoaderScope;)V+15
j  org.gradle.plugin.use.internal.DefaultPluginRequestApplicator.applyPlugins(Ljava/util/Collection;Lorg/gradle/api/initialization/dsl/ScriptHandler;Lorg/gradle/api/plugins/PluginAware;Lorg/gradle/api/internal/initialization/ClassLoaderScope;)V+13
j  org.gradle.configuration.DefaultScriptPluginFactory$ScriptPluginImpl.apply(Ljava/lang/Object;)V+329
j  org.gradle.configuration.project.BuildScriptProcessor.execute(Lorg/gradle/api/internal/project/ProjectInternal;)V+85
j  org.gradle.configuration.project.BuildScriptProcessor.execute(Ljava/lang/Object;)V+5
j  org.gradle.configuration.project.ConfigureActionsProjectEvaluator.evaluate(Lorg/gradle/api/internal/project/ProjectInternal;Lorg/gradle/api/internal/project/ProjectStateInternal;)V+33
j  org.gradle.configuration.project.LifecycleProjectEvaluator.evaluate(Lorg/gradle/api/internal/project/ProjectInternal;Lorg/gradle/api/internal/project/ProjectStateInternal;)V+54
j  org.gradle.api.internal.project.AbstractProject.evaluate()Lorg/gradle/api/internal/project/AbstractProject;+9
j  org.gradle.api.internal.project.AbstractProject.evaluate()Lorg/gradle/api/Project;+1
j  org.gradle.execution.TaskPathProjectEvaluator.configureHierarchy(Lorg/gradle/api/internal/project/ProjectInternal;)V+21
j  org.gradle.configuration.DefaultBuildConfigurer.configure(Lorg/gradle/api/internal/GradleInternal;)V+50
j  org.gradle.initialization.DefaultGradleLauncher.doBuildStages(Lorg/gradle/initialization/DefaultGradleLauncher$Stage;)V+85
j  org.gradle.initialization.DefaultGradleLauncher.doBuild(Lorg/gradle/initialization/DefaultGradleLauncher$Stage;)Lorg/gradle/BuildResult;+27
j  org.gradle.initialization.DefaultGradleLauncher.getBuildAnalysis()Lorg/gradle/BuildResult;+4
j  org.gradle.launcher.exec.InProcessBuildActionExecuter$DefaultBuildController.configure()Lorg/gradle/api/internal/GradleInternal;+5
j  org.gradle.tooling.internal.provider.ClientProvidedBuildAction.run(Lorg/gradle/initialization/BuildController;)Lorg/gradle/tooling/internal/provider/BuildActionResult;+39
j  org.gradle.tooling.internal.provider.ClientProvidedBuildAction.run(Lorg/gradle/initialization/BuildController;)Ljava/lang/Object;+2
j  org.gradle.tooling.internal.provider.ConfiguringBuildAction.run(Lorg/gradle/initialization/BuildController;)Ljava/lang/Object;+15
j  org.gradle.launcher.exec.InProcessBuildActionExecuter.execute(Lorg/gradle/initialization/BuildAction;Lorg/gradle/initialization/BuildCancellationToken;Lorg/gradle/launcher/exec/BuildActionParameters;)Ljava/lang/Object;+19
j  org.gradle.launcher.exec.InProcessBuildActionExecuter.execute(Lorg/gradle/initialization/BuildAction;Lorg/gradle/initialization/BuildCancellationToken;Ljava/lang/Object;)Ljava/lang/Object;+7
j  org.gradle.launcher.daemon.server.exec.ExecuteBuild.doBuild(Lorg/gradle/launcher/daemon/server/exec/DaemonCommandExecution;Lorg/gradle/launcher/daemon/protocol/Build;)V+47
j  org.gradle.launcher.daemon.server.exec.BuildCommandOnly.execute(Lorg/gradle/launcher/daemon/server/exec/DaemonCommandExecution;)V+49
j  org.gradle.launcher.daemon.server.exec.DaemonCommandExecution.proceed()Z+28
j  org.gradle.launcher.daemon.server.exec.WatchForDisconnection.execute(Lorg/gradle/launcher/daemon/server/exec/DaemonCommandExecution;)V+19
j  org.gradle.launcher.daemon.server.exec.DaemonCommandExecution.proceed()Z+28
j  org.gradle.launcher.daemon.server.exec.ResetDeprecationLogger.execute(Lorg/gradle/launcher/daemon/server/exec/DaemonCommandExecution;)V+4
j  org.gradle.launcher.daemon.server.exec.DaemonCommandExecution.proceed()Z+28
j  org.gradle.launcher.daemon.server.exec.StartStopIfBuildAndStop.execute(Lorg/gradle/launcher/daemon/server/exec/DaemonCommandExecution;)V+34
j  org.gradle.launcher.daemon.server.exec.DaemonCommandExecution.proceed()Z+28
j  org.gradle.launcher.daemon.server.exec.ForwardClientInput$2.call()Ljava/lang/Void;+4
j  org.gradle.launcher.daemon.server.exec.ForwardClientInput$2.call()Ljava/lang/Object;+1
j  org.gradle.util.Swapper.swap(Ljava/lang/Object;Ljava/util/concurrent/Callable;)Ljava/lang/Object;+21
j  org.gradle.launcher.daemon.server.exec.ForwardClientInput.execute(Lorg/gradle/launcher/daemon/server/exec/DaemonCommandExecution;)V+63
j  org.gradle.launcher.daemon.server.exec.DaemonCommandExecution.proceed()Z+28
j  org.gradle.launcher.daemon.server.exec.LogToClient.doBuild(Lorg/gradle/launcher/daemon/server/exec/DaemonCommandExecution;Lorg/gradle/launcher/daemon/protocol/Build;)V+92
j  org.gradle.launcher.daemon.server.exec.BuildCommandOnly.execute(Lorg/gradle/launcher/daemon/server/exec/DaemonCommandExecution;)V+49
j  org.gradle.launcher.daemon.server.exec.DaemonCommandExecution.proceed()Z+28
j  org.gradle.launcher.daemon.server.exec.EstablishBuildEnvironment.doBuild(Lorg/gradle/launcher/daemon/server/exec/DaemonCommandExecution;Lorg/gradle/launcher/daemon/protocol/Build;)V+237
j  org.gradle.launcher.daemon.server.exec.BuildCommandOnly.execute(Lorg/gradle/launcher/daemon/server/exec/DaemonCommandExecution;)V+49
j  org.gradle.launcher.daemon.server.exec.DaemonCommandExecution.proceed()Z+28
j  org.gradle.launcher.daemon.server.exec.DaemonHygieneAction.execute(Lorg/gradle/launcher/daemon/server/exec/DaemonCommandExecution;)V+1
j  org.gradle.launcher.daemon.server.exec.DaemonCommandExecution.proceed()Z+28
j  org.gradle.launcher.daemon.server.exec.StartBuildOrRespondWithBusy$1.run()V+44
j  org.gradle.launcher.daemon.server.DaemonStateCoordinator$1.run()V+4
j  org.gradle.internal.concurrent.DefaultExecutorFactory$StoppableExecutorImpl$1.run()V+18
j  java.util.concurrent.ThreadPoolExecutor.runWorker(Ljava/util/concurrent/ThreadPoolExecutor$Worker;)V+95
j  java.util.concurrent.ThreadPoolExecutor$Worker.run()V+5
j  java.lang.Thread.run()V+11
v  ~StubRoutines::call_stub

---------------  P R O C E S S  ---------------

Java Threads: ( => current thread )
  0x00000000189c3000 JavaThread "File lock request listener" [_thread_in_native, id=5432, stack(0x000000001b7a0000,0x000000001b8a0000)]
  0x00000000185de000 JavaThread "Stdin handler" [_thread_blocked, id=2592, stack(0x000000001b2a0000,0x000000001b3a0000)]
=>0x00000000188f0000 JavaThread "Daemon worker" [_thread_in_native, id=3788, stack(0x000000001b1a0000,0x000000001b2a0000)]
  0x000000001853c000 JavaThread "Cancel handler" [_thread_blocked, id=6016, stack(0x000000001b0a0000,0x000000001b1a0000)]
  0x00000000185c8000 JavaThread "Handler for socket connection from /127.0.0.1:50230 to /127.0.0.1:50231" [_thread_in_native, id=728, stack(0x000000001afa0000,0x000000001b0a0000)]
  0x00000000186c9800 JavaThread "Daemon" [_thread_blocked, id=4612, stack(0x000000001aea0000,0x000000001afa0000)]
  0x0000000018737800 JavaThread "Incoming local TCP Connector on port 50230" [_thread_in_native, id=464, stack(0x000000001aba0000,0x000000001aca0000)]
  0x0000000017440800 JavaThread "Service Thread" daemon [_thread_blocked, id=5388, stack(0x0000000017d80000,0x0000000017e80000)]
  0x00000000173b1000 JavaThread "C1 CompilerThread3" daemon [_thread_blocked, id=3600, stack(0x0000000017c80000,0x0000000017d80000)]
  0x00000000173ac000 JavaThread "C2 CompilerThread2" daemon [_thread_in_native, id=5392, stack(0x0000000017b80000,0x0000000017c80000)]
  0x00000000173a9800 JavaThread "C2 CompilerThread1" daemon [_thread_in_native, id=5156, stack(0x0000000017a80000,0x0000000017b80000)]
  0x00000000173a7000 JavaThread "C2 CompilerThread0" daemon [_thread_in_native, id=1996, stack(0x0000000017980000,0x0000000017a80000)]
  0x00000000173a5000 JavaThread "Attach Listener" daemon [_thread_blocked, id=5748, stack(0x0000000017880000,0x0000000017980000)]
  0x00000000173a4000 JavaThread "Signal Dispatcher" daemon [_thread_blocked, id=4132, stack(0x0000000017780000,0x0000000017880000)]
  0x0000000002888800 JavaThread "Finalizer" daemon [_thread_blocked, id=5940, stack(0x0000000017280000,0x0000000017380000)]
  0x00000000153ac800 JavaThread "Reference Handler" daemon [_thread_blocked, id=2052, stack(0x0000000017180000,0x0000000017280000)]
  0x0000000002792800 JavaThread "main" [_thread_blocked, id=1756, stack(0x00000000023b0000,0x00000000024b0000)]

Other Threads:
  0x00000000153a8800 VMThread [stack: 0x0000000017080000,0x0000000017180000] [id=3576]
  0x0000000017443800 WatcherThread [stack: 0x0000000017e80000,0x0000000017f80000] [id=3076]

VM state:not at safepoint (normal execution)

VM Mutex/Monitor currently owned by a thread: None

Heap:
 PSYoungGen      total 75264K, used 66849K [0x00000000eab00000, 0x00000000f0180000, 0x0000000100000000)
  eden space 71168K, 88% used [0x00000000eab00000,0x00000000ee8499d8,0x00000000ef080000)
  from space 4096K, 99% used [0x00000000ef600000,0x00000000ef9fed18,0x00000000efa00000)
  to   space 5632K, 0% used [0x00000000ef080000,0x00000000ef080000,0x00000000ef600000)
 ParOldGen       total 12288K, used 9554K [0x00000000c0000000, 0x00000000c0c00000, 0x00000000eab00000)
  object space 12288K, 77% used [0x00000000c0000000,0x00000000c0954898,0x00000000c0c00000)
 Metaspace       used 27901K, capacity 28647K, committed 28928K, reserved 1075200K
  class space    used 3766K, capacity 4021K, committed 4096K, reserved 1048576K

Card table byte_map: [0x0000000011c50000,0x0000000011e60000] byte_map_base: 0x0000000011650000

Marking Bits: (ParMarkBitMap*) 0x000000005f2f13b0
 Begin Bits: [0x00000000127c0000, 0x00000000137c0000)
 End Bits:   [0x00000000137c0000, 0x00000000147c0000)

Polling page: 0x0000000002280000

CodeCache: size=245760Kb used=10800Kb max_used=10846Kb free=234959Kb
 bounds [0x0000000002890000, 0x0000000003340000, 0x0000000011890000]
 total_blobs=3350 nmethods=2710 adapters=553
 compilation: enabled

Compilation events (10 events):
Event: 4.877 Thread 0x00000000173b1000 2724       3       java.util.StringTokenizer::<init> (8 bytes)
Event: 4.877 Thread 0x00000000173b1000 nmethod 2724 0x0000000003306690 code [0x0000000003306800, 0x0000000003306988]
Event: 4.880 Thread 0x00000000173b1000 2726       3       sun.security.util.DerValue::isPrintableStringChar (184 bytes)
Event: 4.880 Thread 0x00000000173b1000 nmethod 2726 0x0000000003306a10 code [0x0000000003306b80, 0x0000000003306e70]
Event: 4.880 Thread 0x00000000173b1000 2727       3       java.math.MutableBigInteger::mulsub (110 bytes)
Event: 4.881 Thread 0x00000000173b1000 nmethod 2727 0x0000000003306ed0 code [0x0000000003307040, 0x0000000003307350]
Event: 4.884 Thread 0x00000000173b1000 2729       3       java.util.TreeMap::rotateLeft (96 bytes)
Event: 4.884 Thread 0x00000000173b1000 nmethod 2729 0x00000000033075d0 code [0x0000000003307740, 0x0000000003307a90]
Event: 4.885 Thread 0x00000000173b1000 2730       2       java.security.MessageDigest$Delegate::engineUpdate (11 bytes)
Event: 4.885 Thread 0x00000000173b1000 nmethod 2730 0x0000000003307b90 code [0x0000000003307d00, 0x0000000003307e88]

GC Heap History (10 events):
Event: 3.400 GC heap before
{Heap before GC invocations=20 (full 1):
 PSYoungGen      total 57856K, used 53568K [0x00000000eab00000, 0x00000000eee00000, 0x0000000100000000)
  eden space 53248K, 100% used [0x00000000eab00000,0x00000000edf00000,0x00000000edf00000)
  from space 4608K, 6% used [0x00000000ee380000,0x00000000ee3d0000,0x00000000ee800000)
  to   space 4608K, 0% used [0x00000000edf00000,0x00000000edf00000,0x00000000ee380000)
 ParOldGen       total 11776K, used 9904K [0x00000000c0000000, 0x00000000c0b80000, 0x00000000eab00000)
  object space 11776K, 84% used [0x00000000c0000000,0x00000000c09ac170,0x00000000c0b80000)
 Metaspace       used 21172K, capacity 21653K, committed 22016K, reserved 1069056K
  class space    used 2828K, capacity 2978K, committed 3072K, reserved 1048576K
Event: 3.418 GC heap after
Heap after GC invocations=20 (full 1):
 PSYoungGen      total 57856K, used 528K [0x00000000eab00000, 0x00000000ef700000, 0x0000000100000000)
  eden space 53248K, 0% used [0x00000000eab00000,0x00000000eab00000,0x00000000edf00000)
  from space 4608K, 11% used [0x00000000edf00000,0x00000000edf84010,0x00000000ee380000)
  to   space 4608K, 0% used [0x00000000ef280000,0x00000000ef280000,0x00000000ef700000)
 ParOldGen       total 11776K, used 10152K [0x00000000c0000000, 0x00000000c0b80000, 0x00000000eab00000)
  object space 11776K, 86% used [0x00000000c0000000,0x00000000c09ea190,0x00000000c0b80000)
 Metaspace       used 21172K, capacity 21653K, committed 22016K, reserved 1069056K
  class space    used 2828K, capacity 2978K, committed 3072K, reserved 1048576K
}
Event: 3.418 GC heap before
{Heap before GC invocations=21 (full 2):
 PSYoungGen      total 57856K, used 528K [0x00000000eab00000, 0x00000000ef700000, 0x0000000100000000)
  eden space 53248K, 0% used [0x00000000eab00000,0x00000000eab00000,0x00000000edf00000)
  from space 4608K, 11% used [0x00000000edf00000,0x00000000edf84010,0x00000000ee380000)
  to   space 4608K, 0% used [0x00000000ef280000,0x00000000ef280000,0x00000000ef700000)
 ParOldGen       total 11776K, used 10152K [0x00000000c0000000, 0x00000000c0b80000, 0x00000000eab00000)
  object space 11776K, 86% used [0x00000000c0000000,0x00000000c09ea190,0x00000000c0b80000)
 Metaspace       used 21172K, capacity 21653K, committed 22016K, reserved 1069056K
  class space    used 2828K, capacity 2978K, committed 3072K, reserved 1048576K
Event: 3.482 GC heap after
Heap after GC invocations=21 (full 2):
 PSYoungGen      total 57856K, used 0K [0x00000000eab00000, 0x00000000ef700000, 0x0000000100000000)
  eden space 53248K, 0% used [0x00000000eab00000,0x00000000eab00000,0x00000000edf00000)
  from space 4608K, 0% used [0x00000000edf00000,0x00000000edf00000,0x00000000ee380000)
  to   space 4608K, 0% used [0x00000000ef280000,0x00000000ef280000,0x00000000ef700000)
 ParOldGen       total 12288K, used 8202K [0x00000000c0000000, 0x00000000c0c00000, 0x00000000eab00000)
  object space 12288K, 66% used [0x00000000c0000000,0x00000000c0802aa8,0x00000000c0c00000)
 Metaspace       used 21172K, capacity 21653K, committed 22016K, reserved 1069056K
  class space    used 2828K, capacity 2978K, committed 3072K, reserved 1048576K
}
Event: 3.618 GC heap before
{Heap before GC invocations=22 (full 2):
 PSYoungGen      total 57856K, used 53248K [0x00000000eab00000, 0x00000000ef700000, 0x0000000100000000)
  eden space 53248K, 100% used [0x00000000eab00000,0x00000000edf00000,0x00000000edf00000)
  from space 4608K, 0% used [0x00000000edf00000,0x00000000edf00000,0x00000000ee380000)
  to   space 4608K, 0% used [0x00000000ef280000,0x00000000ef280000,0x00000000ef700000)
 ParOldGen       total 12288K, used 8202K [0x00000000c0000000, 0x00000000c0c00000, 0x00000000eab00000)
  object space 12288K, 66% used [0x00000000c0000000,0x00000000c0802aa8,0x00000000c0c00000)
 Metaspace       used 21175K, capacity 21653K, committed 22016K, reserved 1069056K
  class space    used 2828K, capacity 2978K, committed 3072K, reserved 1048576K
Event: 3.619 GC heap after
Heap after GC invocations=22 (full 2):
 PSYoungGen      total 62976K, used 256K [0x00000000eab00000, 0x00000000ef300000, 0x0000000100000000)
  eden space 62464K, 0% used [0x00000000eab00000,0x00000000eab00000,0x00000000ee800000)
  from space 512K, 50% used [0x00000000ef280000,0x00000000ef2c0000,0x00000000ef300000)
  to   space 4096K, 0% used [0x00000000eeb00000,0x00000000eeb00000,0x00000000eef00000)
 ParOldGen       total 12288K, used 8202K [0x00000000c0000000, 0x00000000c0c00000, 0x00000000eab00000)
  object space 12288K, 66% used [0x00000000c0000000,0x00000000c0802aa8,0x00000000c0c00000)
 Metaspace       used 21175K, capacity 21653K, committed 22016K, reserved 1069056K
  class space    used 2828K, capacity 2978K, committed 3072K, reserved 1048576K
}
Event: 3.797 GC heap before
{Heap before GC invocations=23 (full 2):
 PSYoungGen      total 62976K, used 62720K [0x00000000eab00000, 0x00000000ef300000, 0x0000000100000000)
  eden space 62464K, 100% used [0x00000000eab00000,0x00000000ee800000,0x00000000ee800000)
  from space 512K, 50% used [0x00000000ef280000,0x00000000ef2c0000,0x00000000ef300000)
  to   space 4096K, 0% used [0x00000000eeb00000,0x00000000eeb00000,0x00000000eef00000)
 ParOldGen       total 12288K, used 8202K [0x00000000c0000000, 0x00000000c0c00000, 0x00000000eab00000)
  object space 12288K, 66% used [0x00000000c0000000,0x00000000c0802aa8,0x00000000c0c00000)
 Metaspace       used 21187K, capacity 21653K, committed 22016K, reserved 1069056K
  class space    used 2828K, capacity 2978K, committed 3072K, reserved 1048576K
Event: 3.800 GC heap after
Heap after GC invocations=23 (full 2):
 PSYoungGen      total 69632K, used 544K [0x00000000eab00000, 0x00000000efa00000, 0x0000000100000000)
  eden space 65536K, 0% used [0x00000000eab00000,0x00000000eab00000,0x00000000eeb00000)
  from space 4096K, 13% used [0x00000000eeb00000,0x00000000eeb88000,0x00000000eef00000)
  to   space 4096K, 0% used [0x00000000ef600000,0x00000000ef600000,0x00000000efa00000)
 ParOldGen       total 12288K, used 8202K [0x00000000c0000000, 0x00000000c0c00000, 0x00000000eab00000)
  object space 12288K, 66% used [0x00000000c0000000,0x00000000c0802aa8,0x00000000c0c00000)
 Metaspace       used 21187K, capacity 21653K, committed 22016K, reserved 1069056K
  class space    used 2828K, capacity 2978K, committed 3072K, reserved 1048576K
}
Event: 4.222 GC heap before
{Heap before GC invocations=24 (full 2):
 PSYoungGen      total 69632K, used 66080K [0x00000000eab00000, 0x00000000efa00000, 0x0000000100000000)
  eden space 65536K, 100% used [0x00000000eab00000,0x00000000eeb00000,0x00000000eeb00000)
  from space 4096K, 13% used [0x00000000eeb00000,0x00000000eeb88000,0x00000000eef00000)
  to   space 4096K, 0% used [0x00000000ef600000,0x00000000ef600000,0x00000000efa00000)
 ParOldGen       total 12288K, used 8202K [0x00000000c0000000, 0x00000000c0c00000, 0x00000000eab00000)
  object space 12288K, 66% used [0x00000000c0000000,0x00000000c0802aa8,0x00000000c0c00000)
 Metaspace       used 23271K, capacity 23911K, committed 24192K, reserved 1071104K
  class space    used 3108K, capacity 3353K, committed 3456K, reserved 1048576K
Event: 4.243 GC heap after
Heap after GC invocations=24 (full 2):
 PSYoungGen      total 75264K, used 4091K [0x00000000eab00000, 0x00000000f0180000, 0x0000000100000000)
  eden space 71168K, 0% used [0x00000000eab00000,0x00000000eab00000,0x00000000ef080000)
  from space 4096K, 99% used [0x00000000ef600000,0x00000000ef9fed18,0x00000000efa00000)
  to   space 5632K, 0% used [0x00000000ef080000,0x00000000ef080000,0x00000000ef600000)
 ParOldGen       total 12288K, used 9554K [0x00000000c0000000, 0x00000000c0c00000, 0x00000000eab00000)
  object space 12288K, 77% used [0x00000000c0000000,0x00000000c0954898,0x00000000c0c00000)
 Metaspace       used 23271K, capacity 23911K, committed 24192K, reserved 1071104K
  class space    used 3108K, capacity 3353K, committed 3456K, reserved 1048576K
}

Deoptimization events (10 events):
Event: 4.758 Thread 0x00000000188f0000 Uncommon trap: reason=unreached action=reinterpret pc=0x0000000002f7ca6c method=java.security.CodeSource.getCertificates()[Ljava/security/cert/Certificate; @ 22
Event: 4.763 Thread 0x00000000188f0000 Uncommon trap: reason=class_check action=maybe_recompile pc=0x00000000030cb3b4 method=java.util.regex.Pattern$Branch.match(Ljava/util/regex/Matcher;ILjava/lang/CharSequence;)Z @ 50
Event: 4.763 Thread 0x00000000188f0000 Uncommon trap: reason=class_check action=maybe_recompile pc=0x00000000030cb3b4 method=java.util.regex.Pattern$Branch.match(Ljava/util/regex/Matcher;ILjava/lang/CharSequence;)Z @ 50
Event: 4.763 Thread 0x00000000188f0000 Uncommon trap: reason=class_check action=maybe_recompile pc=0x00000000030cb3b4 method=java.util.regex.Pattern$Branch.match(Ljava/util/regex/Matcher;ILjava/lang/CharSequence;)Z @ 50
Event: 4.770 Thread 0x00000000188f0000 Uncommon trap: reason=class_check action=maybe_recompile pc=0x0000000002cb075c method=java.io.DataInputStream.readUnsignedShort()I @ 4
Event: 4.771 Thread 0x00000000188f0000 Uncommon trap: reason=class_check action=maybe_recompile pc=0x0000000002cb075c method=java.io.DataInputStream.readUnsignedShort()I @ 4
Event: 4.771 Thread 0x00000000188f0000 Uncommon trap: reason=class_check action=maybe_recompile pc=0x0000000002cb075c method=java.io.DataInputStream.readUnsignedShort()I @ 4
Event: 4.771 Thread 0x00000000188f0000 Uncommon trap: reason=class_check action=maybe_recompile pc=0x0000000002cb075c method=java.io.DataInputStream.readUnsignedShort()I @ 4
Event: 4.879 Thread 0x00000000188f0000 Uncommon trap: reason=unreached action=reinterpret pc=0x00000000030d4b60 method=java.lang.ClassLoader.getResource(Ljava/lang/String;)Ljava/net/URL; @ 25
Event: 4.879 Thread 0x00000000188f0000 Uncommon trap: reason=unreached action=reinterpret pc=0x00000000030d4b60 method=java.lang.ClassLoader.getResource(Ljava/lang/String;)Ljava/net/URL; @ 25

Internal exceptions (10 events):
Event: 4.864 Thread 0x00000000188f0000 Exception <a 'java/security/PrivilegedActionException'> (0x00000000ee6736e8) thrown at [D:\re\workspace\8-2-build-windows-amd64-cygwin\jdk8u5\2488\hotspot\src\share\vm\prims\jvm.cpp, line 1248]
Event: 4.865 Thread 0x00000000188f0000 Exception <a 'java/security/PrivilegedActionException'> (0x00000000ee67be88) thrown at [D:\re\workspace\8-2-build-windows-amd64-cygwin\jdk8u5\2488\hotspot\src\share\vm\prims\jvm.cpp, line 1248]
Event: 4.865 Thread 0x00000000188f0000 Exception <a 'java/security/PrivilegedActionException'> (0x00000000ee67d2f0) thrown at [D:\re\workspace\8-2-build-windows-amd64-cygwin\jdk8u5\2488\hotspot\src\share\vm\prims\jvm.cpp, line 1248]
Event: 4.865 Thread 0x00000000188f0000 Exception <a 'java/security/PrivilegedActionException'> (0x00000000ee6832e0) thrown at [D:\re\workspace\8-2-build-windows-amd64-cygwin\jdk8u5\2488\hotspot\src\share\vm\prims\jvm.cpp, line 1248]
Event: 4.866 Thread 0x00000000188f0000 Exception <a 'java/security/PrivilegedActionException'> (0x00000000ee68d398) thrown at [D:\re\workspace\8-2-build-windows-amd64-cygwin\jdk8u5\2488\hotspot\src\share\vm\prims\jvm.cpp, line 1248]
Event: 4.866 Thread 0x00000000188f0000 Exception <a 'java/security/PrivilegedActionException'> (0x00000000ee68e748) thrown at [D:\re\workspace\8-2-build-windows-amd64-cygwin\jdk8u5\2488\hotspot\src\share\vm\prims\jvm.cpp, line 1248]
Event: 4.866 Thread 0x00000000188f0000 Exception <a 'java/security/PrivilegedActionException'> (0x00000000ee693948) thrown at [D:\re\workspace\8-2-build-windows-amd64-cygwin\jdk8u5\2488\hotspot\src\share\vm\prims\jvm.cpp, line 1248]
Event: 4.867 Thread 0x00000000188f0000 Exception <a 'java/security/PrivilegedActionException'> (0x00000000ee69dc68) thrown at [D:\re\workspace\8-2-build-windows-amd64-cygwin\jdk8u5\2488\hotspot\src\share\vm\prims\jvm.cpp, line 1248]
Event: 4.867 Thread 0x00000000188f0000 Exception <a 'java/security/PrivilegedActionException'> (0x00000000ee69edc8) thrown at [D:\re\workspace\8-2-build-windows-amd64-cygwin\jdk8u5\2488\hotspot\src\share\vm\prims\jvm.cpp, line 1248]
Event: 4.868 Thread 0x00000000188f0000 Exception <a 'java/security/PrivilegedActionException'> (0x00000000ee6a4c28) thrown at [D:\re\workspace\8-2-build-windows-amd64-cygwin\jdk8u5\2488\hotspot\src\share\vm\prims\jvm.cpp, line 1248]

Events (10 events):
Event: 4.882 loading class javax/crypto/JarVerifier
Event: 4.882 loading class javax/crypto/JarVerifier done
Event: 4.883 loading class javax/crypto/JarVerifier$1
Event: 4.883 loading class javax/crypto/JarVerifier$1 done
Event: 4.884 loading class sun/security/validator/Validator
Event: 4.884 loading class sun/security/validator/Validator done
Event: 4.884 loading class sun/security/validator/SimpleValidator
Event: 4.884 loading class sun/security/validator/SimpleValidator done
Event: 4.884 loading class sun/security/validator/EndEntityChecker
Event: 4.884 loading class sun/security/validator/EndEntityChecker done


Dynamic libraries:
0x000007f7e4e30000 - 0x000007f7e4e64000 	D:\Program Files\Java\jdk1.8.0_05\bin\java.exe
0x000007fd2f9d0000 - 0x000007fd2fb90000 	D:\Windows\SYSTEM32\ntdll.dll
0x000007fd2ec80000 - 0x000007fd2edb6000 	D:\Windows\system32\KERNEL32.DLL
0x000007fd2ca50000 - 0x000007fd2cb43000 	D:\Windows\system32\KERNELBASE.dll
0x000007fd2f740000 - 0x000007fd2f81e000 	D:\Windows\system32\ADVAPI32.dll
0x000007fd2f370000 - 0x000007fd2f4bc000 	D:\Windows\system32\USER32.dll
0x000007fd2a5d0000 - 0x000007fd2a83a000 	D:\Windows\WinSxS\amd64_microsoft.windows.common-controls_6595b64144ccf1df_6.0.9200.16579_none_418ab7ef718b27ef\COMCTL32.dll
0x000007fd2ef10000 - 0x000007fd2efb5000 	D:\Windows\system32\msvcrt.dll
0x000007fd2d4c0000 - 0x000007fd2d508000 	D:\Windows\SYSTEM32\sechost.dll
0x000007fd2edc0000 - 0x000007fd2ef05000 	D:\Windows\system32\RPCRT4.dll
0x000007fd2f5f0000 - 0x000007fd2f731000 	D:\Windows\system32\GDI32.dll
0x000007fd2ebd0000 - 0x000007fd2ec09000 	D:\Windows\system32\IMM32.DLL
0x000007fd2f4c0000 - 0x000007fd2f5d6000 	D:\Windows\system32\MSCTF.dll
0x000000005e610000 - 0x000000005e6e2000 	D:\Program Files\Java\jdk1.8.0_05\jre\bin\msvcr100.dll
0x000000005eb40000 - 0x000000005f36a000 	D:\Program Files\Java\jdk1.8.0_05\jre\bin\server\jvm.dll
0x000007fd29950000 - 0x000007fd29959000 	D:\Windows\SYSTEM32\WSOCK32.dll
0x000007fd25e20000 - 0x000007fd25e40000 	D:\Windows\SYSTEM32\WINMM.dll
0x000007fd2f310000 - 0x000007fd2f317000 	D:\Windows\system32\PSAPI.DLL
0x000007fd2eb70000 - 0x000007fd2ebc8000 	D:\Windows\system32\WS2_32.dll
0x000007fd25de0000 - 0x000007fd25e13000 	D:\Windows\SYSTEM32\WINMMBASE.dll
0x000007fd2efd0000 - 0x000007fd2efd9000 	D:\Windows\system32\NSI.dll
0x000007fd2c950000 - 0x000007fd2c99f000 	D:\Windows\SYSTEM32\cfgmgr32.dll
0x000007fd2cd90000 - 0x000007fd2cdb2000 	D:\Windows\system32\DEVOBJ.dll
0x000000005f990000 - 0x000000005f99f000 	D:\Program Files\Java\jdk1.8.0_05\jre\bin\verify.dll
0x000000005f960000 - 0x000000005f988000 	D:\Program Files\Java\jdk1.8.0_05\jre\bin\java.dll
0x000000005f940000 - 0x000000005f956000 	D:\Program Files\Java\jdk1.8.0_05\jre\bin\zip.dll
0x000007fd2d690000 - 0x000007fd2e970000 	D:\Windows\system32\SHELL32.dll
0x000007fd2f820000 - 0x000007fd2f9d0000 	D:\Windows\SYSTEM32\combase.dll
0x000007fd2f320000 - 0x000007fd2f370000 	D:\Windows\system32\SHLWAPI.dll
0x000007fd2b1f0000 - 0x000007fd2b286000 	D:\Windows\SYSTEM32\SHCORE.dll
0x000007fd2c880000 - 0x000007fd2c895000 	D:\Windows\SYSTEM32\profapi.dll
0x000007fd2c130000 - 0x000007fd2c14a000 	D:\Windows\SYSTEM32\CRYPTSP.dll
0x000007fd2bdb0000 - 0x000007fd2bdfb000 	D:\Windows\system32\rsaenh.dll
0x000007fd2beb0000 - 0x000007fd2becf000 	D:\Windows\SYSTEM32\USERENV.dll
0x000007fd2c6c0000 - 0x000007fd2c6ca000 	D:\Windows\SYSTEM32\CRYPTBASE.dll
0x000007fd2c660000 - 0x000007fd2c6bc000 	D:\Windows\SYSTEM32\bcryptPrimitives.dll
0x000000005f920000 - 0x000000005f93a000 	D:\Program Files\Java\jdk1.8.0_05\jre\bin\net.dll
0x0000000180000000 - 0x0000000180078000 	D:\Windows\system32\ASProxy64.dll
0x000007fd2c0d0000 - 0x000007fd2c12c000 	D:\Windows\SYSTEM32\MSWSOCK.dll
0x000007fd2b9a0000 - 0x000007fd2b9ca000 	D:\Windows\SYSTEM32\IPHLPAPI.DLL
0x000007fd2d510000 - 0x000007fd2d68e000 	D:\Windows\system32\ole32.dll
0x000007fd2d1c0000 - 0x000007fd2d283000 	D:\Windows\system32\OLEAUT32.dll
0x000007fd2b990000 - 0x000007fd2b999000 	D:\Windows\SYSTEM32\VERSION.dll
0x000007fd2b980000 - 0x000007fd2b98a000 	D:\Windows\SYSTEM32\WINNSI.DLL
0x000007fd2c630000 - 0x000007fd2c65c000 	D:\Windows\SYSTEM32\SspiCli.dll
0x000007fd2b6c0000 - 0x000007fd2b7a6000 	D:\Windows\system32\uxtheme.dll
0x000007fd2f270000 - 0x000007fd2f306000 	D:\Windows\SYSTEM32\clbcatq.dll
0x000007fd2c6d0000 - 0x000007fd2c782000 	D:\Windows\SYSTEM32\sxs.dll
0x000007fd27150000 - 0x000007fd27163000 	D:\Windows\SYSTEM32\dhcpcsvc6.DLL
0x000007fd27130000 - 0x000007fd27148000 	D:\Windows\SYSTEM32\dhcpcsvc.DLL
0x000000005f900000 - 0x000000005f911000 	D:\Program Files\Java\jdk1.8.0_05\jre\bin\nio.dll
0x000007fd250b0000 - 0x000007fd250c2000 	D:\Users\Admin\AppData\Local\Temp\native-platform2405011481726144591dir\native-platform.dll
0x000000005e8b0000 - 0x000000005e8d4000 	D:\Program Files\Java\jdk1.8.0_05\jre\bin\sunec.dll
0x000007fd25580000 - 0x000007fd25594000 	D:\Windows\system32\napinsp.dll
0x000007fd255a0000 - 0x000007fd255b8000 	D:\Windows\system32\pnrpnsp.dll
0x000007fd2a9f0000 - 0x000007fd2aa06000 	D:\Windows\system32\NLAapi.dll
0x000007fd2bf10000 - 0x000007fd2bfa8000 	D:\Windows\SYSTEM32\DNSAPI.dll
0x000007fd255c0000 - 0x000007fd255d2000 	D:\Windows\System32\winrnr.dll
0x000007fd25380000 - 0x000007fd25388000 	D:\Windows\System32\rasadhlp.dll
0x000007fd27210000 - 0x000007fd27271000 	D:\Windows\System32\fwpuclnt.dll
0x000007fd258b0000 - 0x000007fd25a13000 	D:\Windows\SYSTEM32\dbghelp.dll

VM Arguments:
jvm_args: -XX:MaxPermSize=256m -XX:+HeapDumpOnOutOfMemoryError -Xmx1024m -Dfile.encoding=windows-1252 -Duser.country=US -Duser.language=en -Duser.variant 
java_command: org.gradle.launcher.daemon.bootstrap.GradleDaemon 2.2.1 D:\Users\Admin\.gradle\daemon 10800000 4a539d1c-341c-43f5-bcb0-4f83478bff24 -XX:MaxPermSize=256m -XX:+HeapDumpOnOutOfMemoryError -Xmx1024m -Dfile.encoding=windows-1252 -Duser.country=US -Duser.language=en -Duser.variant
java_class_path (initial): D:\Users\Admin\.gradle\wrapper\dists\gradle-2.2.1-all\c64ydeuardnfqctvr1gm30w53\gradle-2.2.1\lib\gradle-launcher-2.2.1.jar
Launcher Type: SUN_STANDARD

Environment Variables:
PATH=D:\Windows\system32;D:\Windows;D:\Windows\System32\Wbem;D:\Windows\System32\WindowsPowerShell\v1.0\;D:\Program Files (x86)\Skype\Phone\
USERNAME=Admin
OS=Windows_NT
PROCESSOR_IDENTIFIER=Intel64 Family 6 Model 58 Stepping 9, GenuineIntel



---------------  S Y S T E M  ---------------

OS: Windows 8 , 64 bit Build 9200 

CPU:total 8 (4 cores per cpu, 2 threads per core) family 6 model 58 stepping 9, cmov, cx8, fxsr, mmx, sse, sse2, sse3, ssse3, sse4.1, sse4.2, popcnt, avx, aes, clmul, erms, ht, tsc, tscinvbit

Memory: 4k page, physical 8283228k(5449724k free), swap 9528412k(6293772k free)

vm_info: Java HotSpot(TM) 64-Bit Server VM (25.5-b02) for windows-amd64 JRE (1.8.0_05-b13), built on Mar 18 2014 01:08:39 by "java_re" with MS VC++ 10.0 (VS2010)

time: Tue Jan 26 15:42:18 2016
elapsed time: 4 seconds

