#
# There is insufficient memory for the Java Runtime Environment to continue.
# Native memory allocation (malloc) failed to allocate 32784 bytes for Chunk::new
# Possible reasons:
#   The system is out of physical RAM or swap space
#   In 32 bit mode, the process size limit was hit
# Possible solutions:
#   Reduce memory load on the system
#   Increase physical memory or swap space
#   Check if swap backing store is full
#   Use 64 bit Java on a 64 bit OS
#   Decrease Java heap size (-Xmx/-Xms)
#   Decrease number of Java threads
#   Decrease Java thread stack sizes (-Xss)
#   Set larger code cache with -XX:ReservedCodeCacheSize=
# This output file may be truncated or incomplete.
#
#  Out of Memory Error (allocation.cpp:388), pid=4380, tid=11228
#
# JRE version: Java(TM) SE Runtime Environment (8.0_05-b13) (build 1.8.0_05-b13)
# Java VM: Java HotSpot(TM) 64-Bit Server VM (25.5-b02 mixed mode windows-amd64 compressed oops)
# Failed to write core dump. Minidumps are not enabled by default on client versions of Windows
#

---------------  T H R E A D  ---------------

Current thread (0x0000000017935000):  JavaThread "C2 CompilerThread0" daemon [_thread_in_native, id=11228, stack(0x0000000017f10000,0x0000000018010000)]

Stack: [0x0000000017f10000,0x0000000018010000]
Native frames: (J=compiled Java code, j=interpreted, Vv=VM code, C=native code)
V  [jvm.dll+0x308dea]
V  [jvm.dll+0x25def1]
V  [jvm.dll+0x25eb0f]
V  [jvm.dll+0x2564e5]
V  [jvm.dll+0xbcfc5]
V  [jvm.dll+0xbd45c]
V  [jvm.dll+0xbd704]
V  [jvm.dll+0x4ff695]
V  [jvm.dll+0x4ff903]
V  [jvm.dll+0x4f58ee]
V  [jvm.dll+0x4d4a82]
V  [jvm.dll+0x42e6e4]
V  [jvm.dll+0x4d6648]
V  [jvm.dll+0x4d7329]
V  [jvm.dll+0x442627]
V  [jvm.dll+0x44366b]
V  [jvm.dll+0x427532]
V  [jvm.dll+0x96702]
V  [jvm.dll+0x96ef3]
V  [jvm.dll+0x2232c4]
V  [jvm.dll+0x27baca]
C  [msvcr100.dll+0x21d9f]
C  [msvcr100.dll+0x21e3b]
C  [KERNEL32.DLL+0x1842]
C  [ntdll.dll+0x302a9]


Current CompileTask:
C2:   4720  580       4       com.android.dx.ssa.NormalSsaInsn::accept (25 bytes)


---------------  P R O C E S S  ---------------

Java Threads: ( => current thread )
  0x0000000017c12000 JavaThread "pool-1-thread-4" [_thread_blocked, id=10428, stack(0x0000000018910000,0x0000000018a10000)]
  0x0000000017bf4800 JavaThread "pool-1-thread-3" [_thread_blocked, id=11176, stack(0x0000000018810000,0x0000000018910000)]
  0x0000000017bf2800 JavaThread "pool-1-thread-2" [_thread_blocked, id=10756, stack(0x0000000018710000,0x0000000018810000)]
  0x0000000017be2000 JavaThread "pool-2-thread-1" [_thread_blocked, id=11220, stack(0x0000000018610000,0x0000000018710000)]
  0x0000000017bd4800 JavaThread "pool-1-thread-1" [_thread_blocked, id=10980, stack(0x0000000018510000,0x0000000018610000)]
  0x0000000017949800 JavaThread "Service Thread" daemon [_thread_blocked, id=7044, stack(0x0000000018310000,0x0000000018410000)]
  0x000000001793f800 JavaThread "C1 CompilerThread3" daemon [_thread_blocked, id=10504, stack(0x0000000018210000,0x0000000018310000)]
  0x000000001793a800 JavaThread "C2 CompilerThread2" daemon [_thread_in_native, id=4436, stack(0x0000000018110000,0x0000000018210000)]
  0x0000000017938800 JavaThread "C2 CompilerThread1" daemon [_thread_blocked, id=6296, stack(0x0000000018010000,0x0000000018110000)]
=>0x0000000017935000 JavaThread "C2 CompilerThread0" daemon [_thread_in_native, id=11228, stack(0x0000000017f10000,0x0000000018010000)]
  0x0000000017934000 JavaThread "Attach Listener" daemon [_thread_blocked, id=2568, stack(0x0000000017e10000,0x0000000017f10000)]
  0x0000000017933800 JavaThread "Signal Dispatcher" daemon [_thread_blocked, id=6596, stack(0x0000000017d10000,0x0000000017e10000)]
  0x0000000002e27000 JavaThread "Finalizer" daemon [_thread_blocked, id=10704, stack(0x0000000017810000,0x0000000017910000)]
  0x000000001594c000 JavaThread "Reference Handler" daemon [_thread_blocked, id=3656, stack(0x0000000017710000,0x0000000017810000)]
  0x0000000002d30800 JavaThread "main" [_thread_blocked, id=10344, stack(0x0000000002910000,0x0000000002a10000)]

Other Threads:
  0x0000000015948000 VMThread [stack: 0x0000000017610000,0x0000000017710000] [id=2836]
  0x000000001794a800 WatcherThread [stack: 0x0000000018410000,0x0000000018510000] [id=9908]

VM state:at safepoint (normal execution)

VM Mutex/Monitor currently owned by a thread:  ([mutex/lock_event])
[0x0000000002a4c970] Threads_lock - owner thread: 0x0000000015948000
[0x0000000002a4bef0] Heap_lock - owner thread: 0x0000000017bd4800

Heap:
 PSYoungGen      total 5632K, used 5600K [0x00000000eab00000, 0x00000000eb200000, 0x0000000100000000)
  eden space 4096K, 100% used [0x00000000eab00000,0x00000000eaf00000,0x00000000eaf00000)
  from space 1536K, 97% used [0x00000000eaf00000,0x00000000eb078018,0x00000000eb080000)
  to   space 1536K, 99% used [0x00000000eb080000,0x00000000eb1ff630,0x00000000eb200000)
 ParOldGen       total 129536K, used 2098K [0x00000000c0000000, 0x00000000c7e80000, 0x00000000eab00000)
  object space 129536K, 1% used [0x00000000c0000000,0x00000000c020cb00,0x00000000c7e80000)
 Metaspace       used 5429K, capacity 6576K, committed 6784K, reserved 1056768K
  class space    used 577K, capacity 616K, committed 640K, reserved 1048576K

Card table byte_map: [0x00000000121f0000,0x0000000012400000] byte_map_base: 0x0000000011bf0000

Marking Bits: (ParMarkBitMap*) 0x00000000698e13b0
 Begin Bits: [0x0000000012d60000, 0x0000000013d60000)
 End Bits:   [0x0000000013d60000, 0x0000000014d60000)

Polling page: 0x0000000002890000

CodeCache: size=245760Kb used=2567Kb max_used=2574Kb free=243192Kb
 bounds [0x0000000002e30000, 0x00000000030c0000, 0x0000000011e30000]
 total_blobs=951 nmethods=687 adapters=178
 compilation: enabled

Compilation events (10 events):
Event: 2.710 Thread 0x0000000017938800 nmethod 712 0x00000000030ab350 code [0x00000000030ab480, 0x00000000030ab4f8]
Event: 2.710 Thread 0x0000000017938800  710   !   4       com.android.dx.util.FixedSizeList::<init> (36 bytes)
Event: 2.710 Thread 0x000000001793f800 nmethod 713 0x00000000030abe50 code [0x00000000030ac000, 0x00000000030ac658]
Event: 2.710 Thread 0x000000001793f800  694       3       com.android.dx.ssa.SsaMethod$2::addToUses (48 bytes)
Event: 2.711 Thread 0x000000001793f800 nmethod 694 0x00000000030b23d0 code [0x00000000030b25c0, 0x00000000030b3108]
Event: 2.711 Thread 0x000000001793f800  688       3       com.android.dx.cf.code.BaseMachine::storeResults (90 bytes)
Event: 2.711 Thread 0x0000000017938800 nmethod 710 0x00000000030b2010 code [0x00000000030b2160, 0x00000000030b2298]
Event: 2.711 Thread 0x0000000017938800  715       4       com.android.dx.rop.cst.CstString::utf8BytesToString (391 bytes)
Event: 2.711 Thread 0x000000001793f800 nmethod 688 0x00000000030b5410 code [0x00000000030b5600, 0x00000000030b6048]
Event: 2.711 Thread 0x000000001793f800  691   !   3       com.android.dx.cf.code.RopperMachine::run (1550 bytes)

GC Heap History (10 events):
Event: 0.271 GC heap before
{Heap before GC invocations=3 (full 0):
 PSYoungGen      total 1536K, used 1536K [0x00000000eab00000, 0x00000000ead00000, 0x0000000100000000)
  eden space 1024K, 100% used [0x00000000eab00000,0x00000000eac00000,0x00000000eac00000)
  from space 512K, 100% used [0x00000000eac80000,0x00000000ead00000,0x00000000ead00000)
  to   space 512K, 0% used [0x00000000eac00000,0x00000000eac00000,0x00000000eac80000)
 ParOldGen       total 129536K, used 101K [0x00000000c0000000, 0x00000000c7e80000, 0x00000000eab00000)
  object space 129536K, 0% used [0x00000000c0000000,0x00000000c0019618,0x00000000c7e80000)
 Metaspace       used 3400K, capacity 4880K, committed 5120K, reserved 1056768K
  class space    used 380K, capacity 456K, committed 512K, reserved 1048576K
Event: 0.280 GC heap after
Heap after GC invocations=3 (full 0):
 PSYoungGen      total 1536K, used 506K [0x00000000eab00000, 0x00000000eae00000, 0x0000000100000000)
  eden space 1024K, 0% used [0x00000000eab00000,0x00000000eab00000,0x00000000eac00000)
  from space 512K, 98% used [0x00000000eac00000,0x00000000eac7ea80,0x00000000eac80000)
  to   space 512K, 0% used [0x00000000ead80000,0x00000000ead80000,0x00000000eae00000)
 ParOldGen       total 129536K, used 491K [0x00000000c0000000, 0x00000000c7e80000, 0x00000000eab00000)
  object space 129536K, 0% used [0x00000000c0000000,0x00000000c007ac10,0x00000000c7e80000)
 Metaspace       used 3400K, capacity 4880K, committed 5120K, reserved 1056768K
  class space    used 380K, capacity 456K, committed 512K, reserved 1048576K
}
Event: 0.350 GC heap before
{Heap before GC invocations=4 (full 0):
 PSYoungGen      total 1536K, used 1530K [0x00000000eab00000, 0x00000000eae00000, 0x0000000100000000)
  eden space 1024K, 100% used [0x00000000eab00000,0x00000000eac00000,0x00000000eac00000)
  from space 512K, 98% used [0x00000000eac00000,0x00000000eac7ea80,0x00000000eac80000)
  to   space 512K, 0% used [0x00000000ead80000,0x00000000ead80000,0x00000000eae00000)
 ParOldGen       total 129536K, used 491K [0x00000000c0000000, 0x00000000c7e80000, 0x00000000eab00000)
  object space 129536K, 0% used [0x00000000c0000000,0x00000000c007ac10,0x00000000c7e80000)
 Metaspace       used 3718K, capacity 5104K, committed 5376K, reserved 1056768K
  class space    used 423K, capacity 488K, committed 512K, reserved 1048576K
Event: 0.368 GC heap after
Heap after GC invocations=4 (full 0):
 PSYoungGen      total 2560K, used 490K [0x00000000eab00000, 0x00000000eae00000, 0x0000000100000000)
  eden space 2048K, 0% used [0x00000000eab00000,0x00000000eab00000,0x00000000ead00000)
  from space 512K, 95% used [0x00000000ead80000,0x00000000eadfaa90,0x00000000eae00000)
  to   space 512K, 0% used [0x00000000ead00000,0x00000000ead00000,0x00000000ead80000)
 ParOldGen       total 129536K, used 785K [0x00000000c0000000, 0x00000000c7e80000, 0x00000000eab00000)
  object space 129536K, 0% used [0x00000000c0000000,0x00000000c00c47c0,0x00000000c7e80000)
 Metaspace       used 3718K, capacity 5104K, committed 5376K, reserved 1056768K
  class space    used 423K, capacity 488K, committed 512K, reserved 1048576K
}
Event: 0.417 GC heap before
{Heap before GC invocations=5 (full 0):
 PSYoungGen      total 2560K, used 2538K [0x00000000eab00000, 0x00000000eae00000, 0x0000000100000000)
  eden space 2048K, 99% used [0x00000000eab00000,0x00000000eacfffc8,0x00000000ead00000)
  from space 512K, 95% used [0x00000000ead80000,0x00000000eadfaa90,0x00000000eae00000)
  to   space 512K, 0% used [0x00000000ead00000,0x00000000ead00000,0x00000000ead80000)
 ParOldGen       total 129536K, used 785K [0x00000000c0000000, 0x00000000c7e80000, 0x00000000eab00000)
  object space 129536K, 0% used [0x00000000c0000000,0x00000000c00c47c0,0x00000000c7e80000)
 Metaspace       used 4207K, capacity 5520K, committed 5760K, reserved 1056768K
  class space    used 475K, capacity 520K, committed 640K, reserved 1048576K
Event: 0.440 GC heap after
Heap after GC invocations=5 (full 0):
 PSYoungGen      total 2560K, used 496K [0x00000000eab00000, 0x00000000eb200000, 0x0000000100000000)
  eden space 2048K, 0% used [0x00000000eab00000,0x00000000eab00000,0x00000000ead00000)
  from space 512K, 96% used [0x00000000ead00000,0x00000000ead7c010,0x00000000ead80000)
  to   space 1536K, 0% used [0x00000000eb080000,0x00000000eb080000,0x00000000eb200000)
 ParOldGen       total 129536K, used 1500K [0x00000000c0000000, 0x00000000c7e80000, 0x00000000eab00000)
  object space 129536K, 1% used [0x00000000c0000000,0x00000000c0177108,0x00000000c7e80000)
 Metaspace       used 4207K, capacity 5520K, committed 5760K, reserved 1056768K
  class space    used 475K, capacity 520K, committed 640K, reserved 1048576K
}
Event: 0.507 GC heap before
{Heap before GC invocations=6 (full 0):
 PSYoungGen      total 2560K, used 2543K [0x00000000eab00000, 0x00000000eb200000, 0x0000000100000000)
  eden space 2048K, 99% used [0x00000000eab00000,0x00000000eacfffe0,0x00000000ead00000)
  from space 512K, 96% used [0x00000000ead00000,0x00000000ead7c010,0x00000000ead80000)
  to   space 1536K, 0% used [0x00000000eb080000,0x00000000eb080000,0x00000000eb200000)
 ParOldGen       total 129536K, used 1500K [0x00000000c0000000, 0x00000000c7e80000, 0x00000000eab00000)
  object space 129536K, 1% used [0x00000000c0000000,0x00000000c0177108,0x00000000c7e80000)
 Metaspace       used 4880K, capacity 6096K, committed 6272K, reserved 1056768K
  class space    used 547K, capacity 584K, committed 640K, reserved 1048576K
Event: 0.520 GC heap after
Heap after GC invocations=6 (full 0):
 PSYoungGen      total 5632K, used 1185K [0x00000000eab00000, 0x00000000eb200000, 0x0000000100000000)
  eden space 4096K, 0% used [0x00000000eab00000,0x00000000eab00000,0x00000000eaf00000)
  from space 1536K, 77% used [0x00000000eb080000,0x00000000eb1a8638,0x00000000eb200000)
  to   space 1536K, 0% used [0x00000000eaf00000,0x00000000eaf00000,0x00000000eb080000)
 ParOldGen       total 129536K, used 1500K [0x00000000c0000000, 0x00000000c7e80000, 0x00000000eab00000)
  object space 129536K, 1% used [0x00000000c0000000,0x00000000c0177108,0x00000000c7e80000)
 Metaspace       used 4880K, capacity 6096K, committed 6272K, reserved 1056768K
  class space    used 547K, capacity 584K, committed 640K, reserved 1048576K
}
Event: 0.674 GC heap before
{Heap before GC invocations=7 (full 0):
 PSYoungGen      total 5632K, used 5281K [0x00000000eab00000, 0x00000000eb200000, 0x0000000100000000)
  eden space 4096K, 100% used [0x00000000eab00000,0x00000000eaf00000,0x00000000eaf00000)
  from space 1536K, 77% used [0x00000000eb080000,0x00000000eb1a8638,0x00000000eb200000)
  to   space 1536K, 0% used [0x00000000eaf00000,0x00000000eaf00000,0x00000000eb080000)
 ParOldGen       total 129536K, used 1500K [0x00000000c0000000, 0x00000000c7e80000, 0x00000000eab00000)
  object space 129536K, 1% used [0x00000000c0000000,0x00000000c0177108,0x00000000c7e80000)
 Metaspace       used 5367K, capacity 6576K, committed 6784K, reserved 1056768K
  class space    used 575K, capacity 616K, committed 640K, reserved 1048576K
Event: 1.708 GC heap after
Heap after GC invocations=7 (full 0):
 PSYoungGen      total 5632K, used 1504K [0x00000000eab00000, 0x00000000eb200000, 0x0000000100000000)
  eden space 4096K, 0% used [0x00000000eab00000,0x00000000eab00000,0x00000000eaf00000)
  from space 1536K, 97% used [0x00000000eaf00000,0x00000000eb078018,0x00000000eb080000)
  to   space 1536K, 0% used [0x00000000eb080000,0x00000000eb080000,0x00000000eb200000)
 ParOldGen       total 129536K, used 1650K [0x00000000c0000000, 0x00000000c7e80000, 0x00000000eab00000)
  object space 129536K, 1% used [0x00000000c0000000,0x00000000c019cae0,0x00000000c7e80000)
 Metaspace       used 5367K, capacity 6576K, committed 6784K, reserved 1056768K
  class space    used 575K, capacity 616K, committed 640K, reserved 1048576K
}

Deoptimization events (0 events):
No events

Internal exceptions (10 events):
Event: 0.566 Thread 0x0000000017bf4800 Exception <a 'java/security/PrivilegedActionException'> (0x00000000eac055d0) thrown at [D:\re\workspace\8-2-build-windows-amd64-cygwin\jdk8u5\2488\hotspot\src\share\vm\prims\jvm.cpp, line 1248]
Event: 0.566 Thread 0x0000000017bf4800 Exception <a 'java/security/PrivilegedActionException'> (0x00000000eac0b060) thrown at [D:\re\workspace\8-2-build-windows-amd64-cygwin\jdk8u5\2488\hotspot\src\share\vm\prims\jvm.cpp, line 1248]
Event: 0.567 Thread 0x0000000017bf4800 Exception <a 'java/security/PrivilegedActionException'> (0x00000000eac0f3f0) thrown at [D:\re\workspace\8-2-build-windows-amd64-cygwin\jdk8u5\2488\hotspot\src\share\vm\prims\jvm.cpp, line 1248]
Event: 0.569 Thread 0x0000000017bf4800 Exception <a 'java/security/PrivilegedActionException'> (0x00000000eac17e70) thrown at [D:\re\workspace\8-2-build-windows-amd64-cygwin\jdk8u5\2488\hotspot\src\share\vm\prims\jvm.cpp, line 1248]
Event: 0.569 Thread 0x0000000017bf4800 Exception <a 'java/security/PrivilegedActionException'> (0x00000000eac1c1c0) thrown at [D:\re\workspace\8-2-build-windows-amd64-cygwin\jdk8u5\2488\hotspot\src\share\vm\prims\jvm.cpp, line 1248]
Event: 0.570 Thread 0x0000000017bf4800 Exception <a 'java/security/PrivilegedActionException'> (0x00000000eac1fac0) thrown at [D:\re\workspace\8-2-build-windows-amd64-cygwin\jdk8u5\2488\hotspot\src\share\vm\prims\jvm.cpp, line 1248]
Event: 0.580 Thread 0x0000000017bf4800 Exception <a 'java/security/PrivilegedActionException'> (0x00000000eac45138) thrown at [D:\re\workspace\8-2-build-windows-amd64-cygwin\jdk8u5\2488\hotspot\src\share\vm\prims\jvm.cpp, line 1248]
Event: 0.584 Thread 0x0000000017bf2800 Exception <a 'java/security/PrivilegedActionException'> (0x00000000eac5ee80) thrown at [D:\re\workspace\8-2-build-windows-amd64-cygwin\jdk8u5\2488\hotspot\src\share\vm\prims\jvm.cpp, line 1248]
Event: 0.588 Thread 0x0000000017bf4800 Exception <a 'java/security/PrivilegedActionException'> (0x00000000eac8c668) thrown at [D:\re\workspace\8-2-build-windows-amd64-cygwin\jdk8u5\2488\hotspot\src\share\vm\prims\jvm.cpp, line 1248]
Event: 0.650 Thread 0x0000000017bf2800 Exception <a 'java/security/PrivilegedActionException'> (0x00000000eaeaffb0) thrown at [D:\re\workspace\8-2-build-windows-amd64-cygwin\jdk8u5\2488\hotspot\src\share\vm\prims\jvm.cpp, line 1248]

Events (10 events):
Event: 0.650 loading class com/android/dx/dex/file/MethodAnnotationStruct
Event: 0.650 loading class com/android/dx/dex/file/MethodAnnotationStruct done
Event: 0.652 loading class java/util/ArrayList$1
Event: 0.652 loading class java/util/ArrayList$1 done
Event: 0.667 Executing VM operation: ParallelGCFailedAllocation
Event: 1.708 Executing VM operation: ParallelGCFailedAllocation done
Event: 2.711 loading class java/util/TreeMap$EntrySet
Event: 2.711 loading class java/util/TreeMap$EntrySet done
Event: 2.711 loading class java/util/TreeMap$EntryIterator
Event: 2.711 loading class java/util/TreeMap$EntryIterator done


Dynamic libraries:
0x000007f6865f0000 - 0x000007f686624000 	D:\Program Files\Java\jdk1.8.0_05\bin\java.exe
0x000007f9d46c0000 - 0x000007f9d487d000 	D:\Windows\SYSTEM32\ntdll.dll
0x000007f9d1a90000 - 0x000007f9d1bc7000 	D:\Windows\system32\KERNEL32.DLL
0x000007f9d1990000 - 0x000007f9d1a84000 	D:\Windows\system32\KERNELBASE.dll
0x000007f9d1e50000 - 0x000007f9d1f2e000 	D:\Windows\system32\ADVAPI32.dll
0x000007f9d4570000 - 0x000007f9d46bc000 	D:\Windows\system32\USER32.dll
0x000007f9cf490000 - 0x000007f9cf6fa000 	D:\Windows\WinSxS\amd64_microsoft.windows.common-controls_6595b64144ccf1df_6.0.9200.17359_none_4188b989718cf1c6\COMCTL32.dll
0x000007f9d1be0000 - 0x000007f9d1c85000 	D:\Windows\system32\msvcrt.dll
0x000007f9d2c90000 - 0x000007f9d2cd8000 	D:\Windows\SYSTEM32\sechost.dll
0x000007f9d2ce0000 - 0x000007f9d2e25000 	D:\Windows\system32\RPCRT4.dll
0x000007f9d2590000 - 0x000007f9d26d1000 	D:\Windows\system32\GDI32.dll
0x000007f9d20b0000 - 0x000007f9d20e9000 	D:\Windows\system32\IMM32.DLL
0x000007f9d43a0000 - 0x000007f9d44b5000 	D:\Windows\system32\MSCTF.dll
0x0000000068d50000 - 0x0000000068e22000 	D:\Program Files\Java\jdk1.8.0_05\jre\bin\msvcr100.dll
0x0000000069130000 - 0x000000006995a000 	D:\Program Files\Java\jdk1.8.0_05\jre\bin\server\jvm.dll
0x000007f9ccac0000 - 0x000007f9ccac9000 	D:\Windows\SYSTEM32\WSOCK32.dll
0x000007f9ceb30000 - 0x000007f9ceb50000 	D:\Windows\SYSTEM32\WINMM.dll
0x000007f9d1e40000 - 0x000007f9d1e47000 	D:\Windows\system32\PSAPI.DLL
0x000007f9d2c30000 - 0x000007f9d2c88000 	D:\Windows\system32\WS2_32.dll
0x000007f9ceaf0000 - 0x000007f9ceb23000 	D:\Windows\SYSTEM32\WINMMBASE.dll
0x000007f9d1f30000 - 0x000007f9d1f39000 	D:\Windows\system32\NSI.dll
0x000007f9d1660000 - 0x000007f9d16af000 	D:\Windows\SYSTEM32\cfgmgr32.dll
0x000007f9d1780000 - 0x000007f9d17a2000 	D:\Windows\system32\DEVOBJ.dll
0x0000000069c30000 - 0x0000000069c3f000 	D:\Program Files\Java\jdk1.8.0_05\jre\bin\verify.dll
0x0000000069c00000 - 0x0000000069c28000 	D:\Program Files\Java\jdk1.8.0_05\jre\bin\java.dll
0x0000000069be0000 - 0x0000000069bf6000 	D:\Program Files\Java\jdk1.8.0_05\jre\bin\zip.dll
0x000007f9d30b0000 - 0x000007f9d4395000 	D:\Windows\system32\SHELL32.dll
0x000007f9d1c90000 - 0x000007f9d1e40000 	D:\Windows\SYSTEM32\combase.dll
0x000007f9d2540000 - 0x000007f9d2590000 	D:\Windows\system32\SHLWAPI.dll
0x000007f9cf950000 - 0x000007f9cf9e6000 	D:\Windows\SYSTEM32\SHCORE.dll
0x000007f9d15c0000 - 0x000007f9d15d5000 	D:\Windows\system32\profapi.dll
0x000007f9c2b50000 - 0x000007f9c2cb3000 	D:\Windows\SYSTEM32\dbghelp.dll

VM Arguments:
jvm_args: -Xmx1024M -Dfile.encoding=windows-1252 -Duser.country=US -Duser.language=en -Duser.variant 
java_command: com.android.dx.command.Main --dex --num-threads=4 --output F:\android\Cambro\app\build\intermediates\pre-dexed\debug\classes-e7e52250aeeae78d6966ecc02dd240ad44001654.jar F:\android\Cambro\app\build\intermediates\exploded-aar\com.google.android.gms\play-services-wallet\8.1.0\jars\classes.jar
java_class_path (initial): D:\Users\Alina\AppData\Local\Android\sdk\build-tools\23.0.0\lib\dx.jar
Launcher Type: SUN_STANDARD

Environment Variables:
JAVA_HOME=D:\Program Files\Java\jdk1.8.0_05
PATH=D:\Program Files (x86)\Intel\iCLS Client\;D:\Program Files\Intel\iCLS Client\;D:\Windows\system32;D:\Windows;D:\Windows\System32\Wbem;D:\Windows\System32\WindowsPowerShell\v1.0\;D:\Program Files\Intel\Intel(R) Management Engine Components\DAL;D:\Program Files\Intel\Intel(R) Management Engine Components\IPT;D:\Program Files (x86)\Intel\Intel(R) Management Engine Components\DAL;D:\Program Files (x86)\Intel\Intel(R) Management Engine Components\IPT;D:\Program Files\nodejs\;D:\Program Files (x86)\GtkSharp\2.12\bin;D:\Program Files (x86)\Skype\Phone\;D:\Users\Alina\AppData\Roaming\npm;F:\ADT\sdk\platform-tools;F:\ADT\sdk\tools;D:\apache-ant-1.9.4-bin\apache-ant-1.9.4\bin
USERNAME=Alina
OS=Windows_NT
PROCESSOR_IDENTIFIER=Intel64 Family 6 Model 58 Stepping 9, GenuineIntel



---------------  S Y S T E M  ---------------

OS: Windows 8 , 64 bit Build 9200 

CPU:total 8 (4 cores per cpu, 2 threads per core) family 6 model 58 stepping 9, cmov, cx8, fxsr, mmx, sse, sse2, sse3, ssse3, sse4.1, sse4.2, popcnt, avx, aes, clmul, erms, ht, tsc, tscinvbit

Memory: 4k page, physical 8283228k(1740332k free), swap 11966472k(1326504k free)

vm_info: Java HotSpot(TM) 64-Bit Server VM (25.5-b02) for windows-amd64 JRE (1.8.0_05-b13), built on Mar 18 2014 01:08:39 by "java_re" with MS VC++ 10.0 (VS2010)

time: Fri Oct 02 00:02:02 2015
elapsed time: 4 seconds

